#
# There is insufficient memory for the Java Runtime Environment to continue.
# Native memory allocation (malloc) failed to allocate 1053456 bytes for Chunk::new
# Possible reasons:
#   The system is out of physical RAM or swap space
#   The process is running with CompressedOops enabled, and the Java Heap may be blocking the growth of the native heap
# Possible solutions:
#   Reduce memory load on the system
#   Increase physical memory or swap space
#   Check if swap backing store is full
#   Decrease Java heap size (-Xmx/-Xms)
#   Decrease number of Java threads
#   Decrease Java thread stack sizes (-Xss)
#   Set larger code cache with -XX:ReservedCodeCacheSize=
#   JVM is running with Unscaled Compressed Oops mode in which the Java heap is
#     placed in the first 4GB address space. The Java Heap base address is the
#     maximum limit for the native heap growth. Please use -XX:HeapBaseMinAddress
#     to set the Java Heap base and to place the Java Heap above 4GB virtual address.
# This output file may be truncated or incomplete.
#
#  Out of Memory Error (./src/hotspot/share/memory/arena.cpp:197), pid=9156, tid=14128
#
# JRE version: OpenJDK Runtime Environment (11.0.10) (build 11.0.10+0-b96-7249189)
# Java VM: OpenJDK 64-Bit Server VM (11.0.10+0-b96-7249189, mixed mode, tiered, compressed oops, g1 gc, windows-amd64)
# No core dump will be written. Minidumps are not enabled by default on client versions of Windows
#

---------------  S U M M A R Y ------------

Command Line: --add-opens=java.base/java.util=ALL-UNNAMED --add-opens=java.base/java.lang=ALL-UNNAMED --add-opens=java.base/java.lang.invoke=ALL-UNNAMED --add-opens=java.base/java.util=ALL-UNNAMED --add-opens=java.prefs/java.util.prefs=ALL-UNNAMED --add-opens=java.prefs/java.util.prefs=ALL-UNNAMED --add-opens=java.base/java.nio.charset=ALL-UNNAMED --add-opens=java.base/java.net=ALL-UNNAMED --add-opens=java.base/java.util.concurrent.atomic=ALL-UNNAMED -Xmx2048m -Dfile.encoding=UTF-8 -Duser.country=US -Duser.language=en -Duser.variant org.gradle.launcher.daemon.bootstrap.GradleDaemon 7.0.2

Host: Intel(R) Core(TM) i3-8100 CPU @ 3.60GHz, 2 cores, 14G,  Windows 10 , 64 bit Build 19041 (10.0.19041.1503)
Time: Fri Mar  4 11:35:24 2022 Malay Peninsula Standard Time elapsed time: 11253.716279 seconds (0d 3h 7m 33s)

---------------  T H R E A D  ---------------

Current thread (0x00000234f9554000):  JavaThread "C2 CompilerThread0" daemon [_thread_in_native, id=14128, stack(0x000000cb25400000,0x000000cb25500000)]


Current CompileTask:
C2:11253716 28556       4       org.gradle.api.internal.artifacts.ivyservice.modulecache.PersistentModuleMetadataCache::lambda$get$0 (81 bytes)

Stack: [0x000000cb25400000,0x000000cb25500000]
Native frames: (J=compiled Java code, j=interpreted, Vv=VM code, C=native code)
V  [jvm.dll+0x5ecfaa]
V  [jvm.dll+0x722bd5]
V  [jvm.dll+0x72412d]
V  [jvm.dll+0x7247e3]
V  [jvm.dll+0x242928]
V  [jvm.dll+0xbc4fc]
V  [jvm.dll+0xbca0c]
V  [jvm.dll+0x2b4fd4]
V  [jvm.dll+0x506028]
V  [jvm.dll+0x203253]
V  [jvm.dll+0x1fd07c]
V  [jvm.dll+0x1fa77f]
V  [jvm.dll+0x18354c]
V  [jvm.dll+0x208ee7]
V  [jvm.dll+0x207731]
V  [jvm.dll+0x6eb1cf]
V  [jvm.dll+0x6e3d45]
V  [jvm.dll+0x5ebe96]
C  [ucrtbase.dll+0x21bb2]
C  [KERNEL32.DLL+0x17034]
C  [ntdll.dll+0x52651]


---------------  P R O C E S S  ---------------

Threads class SMR info:
_java_thread_list=0x00000234fdc1e6e0, length=64, elements={
0x00000234ded68000, 0x00000234f8ce2800, 0x00000234f94f2800, 0x00000234f954c800,
0x00000234f954f000, 0x00000234f9553000, 0x00000234f9554000, 0x00000234f95b2800,
0x00000234f8cec000, 0x00000234f960e000, 0x00000234fa97e800, 0x00000234fb3fc800,
0x00000234fa541000, 0x00000234fafe3000, 0x00000234fafe4800, 0x00000234fafe7000,
0x00000234fafe5800, 0x00000234fafe6000, 0x00000234f9b17800, 0x00000234f9b17000,
0x00000234f9b1d800, 0x00000234f9b18800, 0x00000234f9b20800, 0x00000234f9b21800,
0x00000234816b6800, 0x00000234816b1800, 0x00000234816b8000, 0x00000234816b9800,
0x00000234816b0800, 0x00000234f9b19800, 0x00000234816bc000, 0x00000234816b5000,
0x00000234807b3000, 0x00000234807ab800, 0x00000234807b4000, 0x00000234807a7800,
0x00000234816b0000, 0x00000234807ab000, 0x00000234816ad800, 0x00000234807ae000,
0x00000234807aa000, 0x00000234f9b24800, 0x00000234807af000, 0x00000234807b0800,
0x00000234807ac800, 0x00000234807b2000, 0x00000234807b1800, 0x00000234fafe1800,
0x00000234807a6000, 0x00000234807a6800, 0x00000234807a5000, 0x00000234807ad000,
0x00000234807a8800, 0x00000234807a9000, 0x00000234807af800, 0x00000234f9b1c800,
0x00000234f9b20000, 0x00000234f9b1a000, 0x00000234f9b1f000, 0x00000234f9b1b000,
0x00000234f9b23000, 0x00000234f9b22800, 0x00000234f9b24000, 0x00000234f9b25800
}

Java Threads: ( => current thread )
  0x00000234ded68000 JavaThread "main" [_thread_blocked, id=8964, stack(0x000000cb24800000,0x000000cb24900000)]
  0x00000234f8ce2800 JavaThread "Reference Handler" daemon [_thread_blocked, id=11752, stack(0x000000cb24f00000,0x000000cb25000000)]
  0x00000234f94f2800 JavaThread "Finalizer" daemon [_thread_blocked, id=17400, stack(0x000000cb25000000,0x000000cb25100000)]
  0x00000234f954c800 JavaThread "Signal Dispatcher" daemon [_thread_blocked, id=11896, stack(0x000000cb25100000,0x000000cb25200000)]
  0x00000234f954f000 JavaThread "Attach Listener" daemon [_thread_blocked, id=15580, stack(0x000000cb25200000,0x000000cb25300000)]
  0x00000234f9553000 JavaThread "Service Thread" daemon [_thread_blocked, id=16404, stack(0x000000cb25300000,0x000000cb25400000)]
=>0x00000234f9554000 JavaThread "C2 CompilerThread0" daemon [_thread_in_native, id=14128, stack(0x000000cb25400000,0x000000cb25500000)]
  0x00000234f95b2800 JavaThread "C1 CompilerThread0" daemon [_thread_blocked, id=9272, stack(0x000000cb25500000,0x000000cb25600000)]
  0x00000234f8cec000 JavaThread "Sweeper thread" daemon [_thread_blocked, id=16876, stack(0x000000cb25600000,0x000000cb25700000)]
  0x00000234f960e000 JavaThread "Common-Cleaner" daemon [_thread_blocked, id=16972, stack(0x000000cb25700000,0x000000cb25800000)]
  0x00000234fa97e800 JavaThread "Daemon health stats" [_thread_blocked, id=5836, stack(0x000000cb25a00000,0x000000cb25b00000)]
  0x00000234fb3fc800 JavaThread "Incoming local TCP Connector on port 59189" [_thread_in_native, id=8372, stack(0x000000cb25b00000,0x000000cb25c00000)]
  0x00000234fa541000 JavaThread "Daemon periodic checks" [_thread_blocked, id=12724, stack(0x000000cb25c00000,0x000000cb25d00000)]
  0x00000234fafe3000 JavaThread "Cache worker for file hash cache (C:\Users\Jaen\.gradle\caches\7.0.2\fileHashes)" [_thread_blocked, id=6636, stack(0x000000cb26400000,0x000000cb26500000)]
  0x00000234fafe4800 JavaThread "File lock request listener" [_thread_in_native, id=13208, stack(0x000000cb26500000,0x000000cb26600000)]
  0x00000234fafe7000 JavaThread "Cache worker for journal cache (C:\Users\Jaen\.gradle\caches\journal-1)" [_thread_blocked, id=4944, stack(0x000000cb26600000,0x000000cb26700000)]
  0x00000234fafe5800 JavaThread "File watcher server" daemon [_thread_in_native, id=4500, stack(0x000000cb26800000,0x000000cb26900000)]
  0x00000234fafe6000 JavaThread "File watcher consumer" daemon [_thread_blocked, id=15196, stack(0x000000cb26900000,0x000000cb26a00000)]
  0x00000234f9b17800 JavaThread "Cache worker for execution history cache (C:\Users\Jaen\.gradle\caches\7.0.2\executionHistory)" [_thread_blocked, id=16112, stack(0x000000cb26d00000,0x000000cb26e00000)]
  0x00000234f9b17000 JavaThread "jar transforms" [_thread_blocked, id=10072, stack(0x000000cb26e00000,0x000000cb26f00000)]
  0x00000234f9b1d800 JavaThread "jar transforms Thread 2" [_thread_blocked, id=2324, stack(0x000000cb26f00000,0x000000cb27000000)]
  0x00000234f9b18800 JavaThread "Cache worker for file content cache (C:\Users\Jaen\.gradle\caches\7.0.2\fileContent)" [_thread_blocked, id=16640, stack(0x000000cb27000000,0x000000cb27100000)]
  0x00000234f9b20800 JavaThread "Memory manager" [_thread_blocked, id=13692, stack(0x000000cb27500000,0x000000cb27600000)]
  0x00000234f9b21800 JavaThread "pool-3-thread-1" [_thread_blocked, id=4352, stack(0x000000cb27700000,0x000000cb27800000)]
  0x00000234816b6800 JavaThread "pool-8-thread-1" [_thread_blocked, id=14208, stack(0x000000cb27a00000,0x000000cb27b00000)]
  0x00000234816b1800 JavaThread "pool-11-thread-1" [_thread_blocked, id=16736, stack(0x000000cb27600000,0x000000cb27700000)]
  0x00000234816b8000 JavaThread "Cache worker for Java compile cache (C:\Users\Jaen\.gradle\caches\7.0.2\javaCompile)" [_thread_blocked, id=11144, stack(0x000000cb28200000,0x000000cb28300000)]
  0x00000234816b9800 JavaThread "pool-16-thread-1" [_thread_blocked, id=16120, stack(0x000000cb27800000,0x000000cb27900000)]
  0x00000234816b0800 JavaThread "pool-21-thread-1" [_thread_blocked, id=14524, stack(0x000000cb27900000,0x000000cb27a00000)]
  0x00000234f9b19800 JavaThread "pool-26-thread-1" [_thread_blocked, id=12568, stack(0x000000cb27b00000,0x000000cb27c00000)]
  0x00000234816bc000 JavaThread "pool-30-thread-1" [_thread_blocked, id=11792, stack(0x000000cb27c00000,0x000000cb27d00000)]
  0x00000234816b5000 JavaThread "pool-35-thread-1" [_thread_blocked, id=10700, stack(0x000000cb27300000,0x000000cb27400000)]
  0x00000234807b3000 JavaThread "pool-40-thread-1" [_thread_blocked, id=9300, stack(0x000000cb27400000,0x000000cb27500000)]
  0x00000234807ab800 JavaThread "pool-45-thread-1" [_thread_blocked, id=9684, stack(0x000000cb27d00000,0x000000cb27e00000)]
  0x00000234807b4000 JavaThread "pool-50-thread-1" [_thread_blocked, id=6972, stack(0x000000cb27e00000,0x000000cb27f00000)]
  0x00000234807a7800 JavaThread "pool-55-thread-1" [_thread_blocked, id=14552, stack(0x000000cb27f00000,0x000000cb28000000)]
  0x00000234816b0000 JavaThread "pool-60-thread-1" [_thread_blocked, id=9948, stack(0x000000cb28000000,0x000000cb28100000)]
  0x00000234807ab000 JavaThread "pool-65-thread-1" [_thread_blocked, id=2768, stack(0x000000cb28100000,0x000000cb28200000)]
  0x00000234816ad800 JavaThread "pool-68-thread-1" [_thread_blocked, id=1688, stack(0x000000cb28300000,0x000000cb28400000)]
  0x00000234807ae000 JavaThread "pool-72-thread-1" [_thread_blocked, id=3732, stack(0x000000cb28400000,0x000000cb28500000)]
  0x00000234807aa000 JavaThread "pool-76-thread-1" [_thread_blocked, id=3964, stack(0x000000cb28500000,0x000000cb28600000)]
  0x00000234f9b24800 JavaThread "pool-79-thread-1" [_thread_blocked, id=11244, stack(0x000000cb28600000,0x000000cb28700000)]
  0x00000234807af000 JavaThread "pool-83-thread-1" [_thread_blocked, id=14468, stack(0x000000cb28700000,0x000000cb28800000)]
  0x00000234807b0800 JavaThread "pool-88-thread-1" [_thread_blocked, id=560, stack(0x000000cb28800000,0x000000cb28900000)]
  0x00000234807ac800 JavaThread "pool-93-thread-1" [_thread_blocked, id=17264, stack(0x000000cb28900000,0x000000cb28a00000)]
  0x00000234807b2000 JavaThread "pool-98-thread-1" [_thread_blocked, id=11436, stack(0x000000cb28a00000,0x000000cb28b00000)]
  0x00000234807b1800 JavaThread "pool-103-thread-1" [_thread_blocked, id=12576, stack(0x000000cb28b00000,0x000000cb28c00000)]
  0x00000234fafe1800 JavaThread "ForkJoinPool.commonPool-worker-3" daemon [_thread_blocked, id=15188, stack(0x000000cb29500000,0x000000cb29600000)]
  0x00000234807a6000 JavaThread "pool-108-thread-1" [_thread_blocked, id=16816, stack(0x000000cb28c00000,0x000000cb28d00000)]
  0x00000234807a6800 JavaThread "Daemon Thread 19" [_thread_blocked, id=10116, stack(0x000000cb24500000,0x000000cb24600000)]
  0x00000234807a5000 JavaThread "Handler for socket connection from /127.0.0.1:59189 to /127.0.0.1:53974" [_thread_in_native, id=2528, stack(0x000000cb24600000,0x000000cb24700000)]
  0x00000234807ad000 JavaThread "Cancel handler" [_thread_blocked, id=8388, stack(0x000000cb24700000,0x000000cb24800000)]
  0x00000234807a8800 JavaThread "Daemon worker Thread 19" [_thread_in_vm, id=10132, stack(0x000000cb25d00000,0x000000cb25e00000)]
  0x00000234807a9000 JavaThread "Asynchronous log dispatcher for DefaultDaemonConnection: socket connection from /127.0.0.1:59189 to /127.0.0.1:53974" [_thread_blocked, id=15124, stack(0x000000cb25e00000,0x000000cb25f00000)]
  0x00000234807af800 JavaThread "Stdin handler" [_thread_blocked, id=13548, stack(0x000000cb25f00000,0x000000cb26000000)]
  0x00000234f9b1c800 JavaThread "Daemon client event forwarder" [_thread_blocked, id=17096, stack(0x000000cb26000000,0x000000cb26100000)]
  0x00000234f9b20000 JavaThread "Cache worker for file hash cache (C:\Users\Jaen\AndroidStudioProjects\GroupNumber8_DecisionBasedGame\.gradle\7.0.2\fileHashes)" [_thread_blocked, id=2604, stack(0x000000cb26100000,0x000000cb26200000)]
  0x00000234f9b1a000 JavaThread "Cache worker for checksums cache (C:\Users\Jaen\AndroidStudioProjects\GroupNumber8_DecisionBasedGame\.gradle\checksums)" [_thread_blocked, id=10468, stack(0x000000cb26200000,0x000000cb26300000)]
  0x00000234f9b1f000 JavaThread "Cache worker for cache directory md-supplier (C:\Users\Jaen\.gradle\caches\7.0.2\md-supplier)" [_thread_blocked, id=16508, stack(0x000000cb26300000,0x000000cb26400000)]
  0x00000234f9b1b000 JavaThread "Cache worker for cache directory md-rule (C:\Users\Jaen\.gradle\caches\7.0.2\md-rule)" [_thread_blocked, id=15656, stack(0x000000cb26700000,0x000000cb26800000)]
  0x00000234f9b23000 JavaThread "Cache worker for dependencies-accessors (C:\Users\Jaen\AndroidStudioProjects\GroupNumber8_DecisionBasedGame\.gradle\7.0.2\dependencies-accessors)" [_thread_blocked, id=11972, stack(0x000000cb26a00000,0x000000cb26b00000)]
  0x00000234f9b22800 JavaThread "Cache worker for Build Output Cleanup Cache (C:\Users\Jaen\AndroidStudioProjects\GroupNumber8_DecisionBasedGame\.gradle\buildOutputCleanup)" [_thread_blocked, id=16680, stack(0x000000cb26b00000,0x000000cb26c00000)]
  0x00000234f9b24000 JavaThread "Build operations" [_thread_blocked, id=6492, stack(0x000000cb26c00000,0x000000cb26d00000)]
  0x00000234f9b25800 JavaThread "Build operations Thread 2" [_thread_blocked, id=13600, stack(0x000000cb27100000,0x000000cb27200000)]

Other Threads:
  0x00000234f8cdf000 VMThread "VM Thread" [stack: 0x000000cb24e00000,0x000000cb24f00000] [id=15816]
  0x00000234f9688000 WatcherThread [stack: 0x000000cb25800000,0x000000cb25900000] [id=10456]
  0x00000234ded81000 GCTaskThread "GC Thread#0" [stack: 0x000000cb24900000,0x000000cb24a00000] [id=9120]
  0x00000234f9812000 GCTaskThread "GC Thread#1" [stack: 0x000000cb25900000,0x000000cb25a00000] [id=13616]
  0x00000234dedb7800 ConcurrentGCThread "G1 Main Marker" [stack: 0x000000cb24a00000,0x000000cb24b00000] [id=15460]
  0x00000234dedb8800 ConcurrentGCThread "G1 Conc#0" [stack: 0x000000cb24b00000,0x000000cb24c00000] [id=16804]
  0x00000234dee4d800 ConcurrentGCThread "G1 Refine#0" [stack: 0x000000cb24c00000,0x000000cb24d00000] [id=8300]
  0x00000234f8b32800 ConcurrentGCThread "G1 Young RemSet Sampling" [stack: 0x000000cb24d00000,0x000000cb24e00000] [id=6248]

Threads with active compile tasks:
C2 CompilerThread011253786 28556       4       org.gradle.api.internal.artifacts.ivyservice.modulecache.PersistentModuleMetadataCache::lambda$get$0 (81 bytes)

VM state:not at safepoint (normal execution)

VM Mutex/Monitor currently owned by a thread: None

Heap address: 0x0000000080000000, size: 2048 MB, Compressed Oops mode: 32-bit
Narrow klass base: 0x0000000000000000, Narrow klass shift: 3
Compressed class space size: 1073741824 Address: 0x0000000100000000

Heap:
 garbage-first heap   total 280576K, used 140185K [0x0000000080000000, 0x0000000100000000)
  region size 1024K, 52 young (53248K), 1 survivors (1024K)
 Metaspace       used 130748K, capacity 135075K, committed 135296K, reserved 1167360K
  class space    used 15729K, capacity 17300K, committed 17408K, reserved 1048576K
Heap Regions: E=young(eden), S=young(survivor), O=old, HS=humongous(starts), HC=humongous(continues), CS=collection set, F=free, A=archive, TAMS=top-at-mark-start (previous, next)
|   0|0x0000000080000000, 0x0000000080100000, 0x0000000080100000|100%|HS|  |TAMS 0x0000000080100000, 0x0000000080000000| Complete 
|   1|0x0000000080100000, 0x0000000080200000, 0x0000000080200000|100%|HC|  |TAMS 0x0000000080200000, 0x0000000080100000| Complete 
|   2|0x0000000080200000, 0x0000000080300000, 0x0000000080300000|100%|HC|  |TAMS 0x0000000080300000, 0x0000000080200000| Complete 
|   3|0x0000000080300000, 0x0000000080400000, 0x0000000080400000|100%| O|  |TAMS 0x0000000080400000, 0x0000000080300000| Untracked 
|   4|0x0000000080400000, 0x0000000080500000, 0x0000000080500000|100%| O|  |TAMS 0x0000000080500000, 0x0000000080400000| Untracked 
|   5|0x0000000080500000, 0x0000000080600000, 0x0000000080600000|100%| O|  |TAMS 0x0000000080600000, 0x0000000080500000| Untracked 
|   6|0x0000000080600000, 0x0000000080700000, 0x0000000080700000|100%| O|  |TAMS 0x0000000080700000, 0x0000000080600000| Untracked 
|   7|0x0000000080700000, 0x0000000080800000, 0x0000000080800000|100%| O|  |TAMS 0x0000000080800000, 0x0000000080700000| Untracked 
|   8|0x0000000080800000, 0x0000000080900000, 0x0000000080900000|100%| O|  |TAMS 0x0000000080900000, 0x0000000080800000| Untracked 
|   9|0x0000000080900000, 0x0000000080a00000, 0x0000000080a00000|100%| O|  |TAMS 0x0000000080a00000, 0x0000000080900000| Untracked 
|  10|0x0000000080a00000, 0x0000000080b00000, 0x0000000080b00000|100%| O|  |TAMS 0x0000000080b00000, 0x0000000080a00000| Untracked 
|  11|0x0000000080b00000, 0x0000000080c00000, 0x0000000080c00000|100%| O|  |TAMS 0x0000000080c00000, 0x0000000080b00000| Untracked 
|  12|0x0000000080c00000, 0x0000000080d00000, 0x0000000080d00000|100%| O|  |TAMS 0x0000000080d00000, 0x0000000080c00000| Untracked 
|  13|0x0000000080d00000, 0x0000000080e00000, 0x0000000080e00000|100%| O|  |TAMS 0x0000000080e00000, 0x0000000080d00000| Untracked 
|  14|0x0000000080e00000, 0x0000000080f00000, 0x0000000080f00000|100%| O|  |TAMS 0x0000000080f00000, 0x0000000080e00000| Untracked 
|  15|0x0000000080f00000, 0x0000000081000000, 0x0000000081000000|100%| O|  |TAMS 0x0000000081000000, 0x0000000080f00000| Untracked 
|  16|0x0000000081000000, 0x0000000081100000, 0x0000000081100000|100%| O|  |TAMS 0x0000000081100000, 0x0000000081000000| Untracked 
|  17|0x0000000081100000, 0x0000000081200000, 0x0000000081200000|100%| O|  |TAMS 0x0000000081200000, 0x0000000081100000| Untracked 
|  18|0x0000000081200000, 0x0000000081300000, 0x0000000081300000|100%|HS|  |TAMS 0x0000000081300000, 0x0000000081200000| Complete 
|  19|0x0000000081300000, 0x0000000081400000, 0x0000000081400000|100%|HS|  |TAMS 0x0000000081400000, 0x0000000081300000| Complete 
|  20|0x0000000081400000, 0x0000000081500000, 0x0000000081500000|100%| O|  |TAMS 0x0000000081500000, 0x0000000081400000| Untracked 
|  21|0x0000000081500000, 0x0000000081600000, 0x0000000081600000|100%| O|  |TAMS 0x0000000081600000, 0x0000000081500000| Untracked 
|  22|0x0000000081600000, 0x0000000081700000, 0x0000000081700000|100%|HS|  |TAMS 0x0000000081700000, 0x0000000081600000| Complete 
|  23|0x0000000081700000, 0x0000000081800000, 0x0000000081800000|100%|HC|  |TAMS 0x0000000081800000, 0x0000000081700000| Complete 
|  24|0x0000000081800000, 0x0000000081900000, 0x0000000081900000|100%| O|  |TAMS 0x0000000081900000, 0x0000000081800000| Untracked 
|  25|0x0000000081900000, 0x0000000081a00000, 0x0000000081a00000|100%| O|  |TAMS 0x0000000081a00000, 0x0000000081900000| Untracked 
|  26|0x0000000081a00000, 0x0000000081b00000, 0x0000000081b00000|100%| O|  |TAMS 0x0000000081b00000, 0x0000000081a00000| Untracked 
|  27|0x0000000081b00000, 0x0000000081c00000, 0x0000000081c00000|100%| O|  |TAMS 0x0000000081c00000, 0x0000000081b00000| Untracked 
|  28|0x0000000081c00000, 0x0000000081d00000, 0x0000000081d00000|100%| O|  |TAMS 0x0000000081d00000, 0x0000000081c00000| Untracked 
|  29|0x0000000081d00000, 0x0000000081e00000, 0x0000000081e00000|100%| O|  |TAMS 0x0000000081e00000, 0x0000000081d00000| Untracked 
|  30|0x0000000081e00000, 0x0000000081f00000, 0x0000000081f00000|100%| O|  |TAMS 0x0000000081f00000, 0x0000000081e00000| Untracked 
|  31|0x0000000081f00000, 0x0000000082000000, 0x0000000082000000|100%| O|  |TAMS 0x0000000082000000, 0x0000000081f00000| Untracked 
|  32|0x0000000082000000, 0x0000000082100000, 0x0000000082100000|100%| O|  |TAMS 0x0000000082100000, 0x0000000082000000| Untracked 
|  33|0x0000000082100000, 0x0000000082200000, 0x0000000082200000|100%| O|  |TAMS 0x0000000082200000, 0x0000000082100000| Untracked 
|  34|0x0000000082200000, 0x0000000082300000, 0x0000000082300000|100%| O|  |TAMS 0x0000000082300000, 0x0000000082200000| Untracked 
|  35|0x0000000082300000, 0x0000000082400000, 0x0000000082400000|100%| O|  |TAMS 0x0000000082400000, 0x0000000082300000| Untracked 
|  36|0x0000000082400000, 0x0000000082500000, 0x0000000082500000|100%| O|  |TAMS 0x0000000082500000, 0x0000000082400000| Untracked 
|  37|0x0000000082500000, 0x0000000082600000, 0x0000000082600000|100%| O|  |TAMS 0x0000000082600000, 0x0000000082500000| Untracked 
|  38|0x0000000082600000, 0x0000000082700000, 0x0000000082700000|100%| O|  |TAMS 0x0000000082700000, 0x0000000082600000| Untracked 
|  39|0x0000000082700000, 0x0000000082800000, 0x0000000082800000|100%| O|  |TAMS 0x0000000082800000, 0x0000000082700000| Untracked 
|  40|0x0000000082800000, 0x0000000082900000, 0x0000000082900000|100%| O|  |TAMS 0x0000000082900000, 0x0000000082800000| Untracked 
|  41|0x0000000082900000, 0x0000000082a00000, 0x0000000082a00000|100%| O|  |TAMS 0x0000000082a00000, 0x0000000082900000| Untracked 
|  42|0x0000000082a00000, 0x0000000082b00000, 0x0000000082b00000|100%| O|  |TAMS 0x0000000082b00000, 0x0000000082a00000| Untracked 
|  43|0x0000000082b00000, 0x0000000082c00000, 0x0000000082c00000|100%| O|  |TAMS 0x0000000082c00000, 0x0000000082b00000| Untracked 
|  44|0x0000000082c00000, 0x0000000082d00000, 0x0000000082d00000|100%| O|  |TAMS 0x0000000082d00000, 0x0000000082c00000| Untracked 
|  45|0x0000000082d00000, 0x0000000082e00000, 0x0000000082e00000|100%| O|  |TAMS 0x0000000082e00000, 0x0000000082d00000| Untracked 
|  46|0x0000000082e00000, 0x0000000082f00000, 0x0000000082f00000|100%| O|  |TAMS 0x0000000082f00000, 0x0000000082e00000| Untracked 
|  47|0x0000000082f00000, 0x0000000083000000, 0x0000000083000000|100%| O|  |TAMS 0x0000000083000000, 0x0000000082f00000| Untracked 
|  48|0x0000000083000000, 0x0000000083100000, 0x0000000083100000|100%| O|  |TAMS 0x0000000083100000, 0x0000000083000000| Untracked 
|  49|0x0000000083100000, 0x0000000083200000, 0x0000000083200000|100%| O|  |TAMS 0x0000000083200000, 0x0000000083100000| Untracked 
|  50|0x0000000083200000, 0x0000000083300000, 0x0000000083300000|100%| O|  |TAMS 0x0000000083300000, 0x0000000083200000| Untracked 
|  51|0x0000000083300000, 0x0000000083400000, 0x0000000083400000|100%| O|  |TAMS 0x0000000083400000, 0x0000000083300000| Untracked 
|  52|0x0000000083400000, 0x0000000083500000, 0x0000000083500000|100%| O|  |TAMS 0x0000000083500000, 0x0000000083400000| Untracked 
|  53|0x0000000083500000, 0x0000000083600000, 0x0000000083600000|100%| O|  |TAMS 0x0000000083600000, 0x0000000083500000| Untracked 
|  54|0x0000000083600000, 0x0000000083700000, 0x0000000083700000|100%| O|  |TAMS 0x0000000083700000, 0x0000000083600000| Untracked 
|  55|0x0000000083700000, 0x0000000083800000, 0x0000000083800000|100%| O|  |TAMS 0x0000000083800000, 0x0000000083700000| Untracked 
|  56|0x0000000083800000, 0x0000000083900000, 0x0000000083900000|100%| O|  |TAMS 0x0000000083900000, 0x0000000083800000| Untracked 
|  57|0x0000000083900000, 0x0000000083a00000, 0x0000000083a00000|100%| O|  |TAMS 0x0000000083a00000, 0x0000000083900000| Untracked 
|  58|0x0000000083a00000, 0x0000000083a00000, 0x0000000083b00000|  0%| F|  |TAMS 0x0000000083a00000, 0x0000000083a00000| Untracked 
|  59|0x0000000083b00000, 0x0000000083c00000, 0x0000000083c00000|100%| O|  |TAMS 0x0000000083c00000, 0x0000000083b00000| Untracked 
|  60|0x0000000083c00000, 0x0000000083d00000, 0x0000000083d00000|100%| O|  |TAMS 0x0000000083d00000, 0x0000000083c00000| Untracked 
|  61|0x0000000083d00000, 0x0000000083d00000, 0x0000000083e00000|  0%| F|  |TAMS 0x0000000083d00000, 0x0000000083d00000| Untracked 
|  62|0x0000000083e00000, 0x0000000083f00000, 0x0000000083f00000|100%| O|  |TAMS 0x0000000083f00000, 0x0000000083e00000| Untracked 
|  63|0x0000000083f00000, 0x0000000084000000, 0x0000000084000000|100%| O|  |TAMS 0x0000000084000000, 0x0000000083f00000| Untracked 
|  64|0x0000000084000000, 0x0000000084088a00, 0x0000000084100000| 53%| O|  |TAMS 0x0000000084078e00, 0x0000000084000000| Untracked 
|  65|0x0000000084100000, 0x0000000084200000, 0x0000000084200000|100%| O|  |TAMS 0x0000000084200000, 0x0000000084100000| Untracked 
|  66|0x0000000084200000, 0x0000000084300000, 0x0000000084300000|100%| O|  |TAMS 0x0000000084300000, 0x0000000084200000| Untracked 
|  67|0x0000000084300000, 0x0000000084400000, 0x0000000084400000|100%| O|  |TAMS 0x0000000084400000, 0x0000000084300000| Untracked 
|  68|0x0000000084400000, 0x0000000084500000, 0x0000000084500000|100%| O|  |TAMS 0x0000000084500000, 0x0000000084400000| Untracked 
|  69|0x0000000084500000, 0x0000000084600000, 0x0000000084600000|100%| O|  |TAMS 0x0000000084600000, 0x0000000084500000| Untracked 
|  70|0x0000000084600000, 0x0000000084700000, 0x0000000084700000|100%| O|  |TAMS 0x0000000084700000, 0x0000000084600000| Untracked 
|  71|0x0000000084700000, 0x0000000084800000, 0x0000000084800000|100%| O|  |TAMS 0x0000000084800000, 0x0000000084700000| Untracked 
|  72|0x0000000084800000, 0x0000000084900000, 0x0000000084900000|100%| O|  |TAMS 0x0000000084900000, 0x0000000084800000| Untracked 
|  73|0x0000000084900000, 0x0000000084a00000, 0x0000000084a00000|100%| O|  |TAMS 0x0000000084a00000, 0x0000000084900000| Untracked 
|  74|0x0000000084a00000, 0x0000000084a00000, 0x0000000084b00000|  0%| F|  |TAMS 0x0000000084a00000, 0x0000000084a00000| Untracked 
|  75|0x0000000084b00000, 0x0000000084b00000, 0x0000000084c00000|  0%| F|  |TAMS 0x0000000084b00000, 0x0000000084b00000| Untracked 
|  76|0x0000000084c00000, 0x0000000084c00000, 0x0000000084d00000|  0%| F|  |TAMS 0x0000000084c00000, 0x0000000084c00000| Untracked 
|  77|0x0000000084d00000, 0x0000000084d00000, 0x0000000084e00000|  0%| F|  |TAMS 0x0000000084d00000, 0x0000000084d00000| Untracked 
|  78|0x0000000084e00000, 0x0000000084e00000, 0x0000000084f00000|  0%| F|  |TAMS 0x0000000084e00000, 0x0000000084e00000| Untracked 
|  79|0x0000000084f00000, 0x0000000085000000, 0x0000000085000000|100%| O|  |TAMS 0x0000000085000000, 0x0000000084f00000| Untracked 
|  80|0x0000000085000000, 0x0000000085000000, 0x0000000085100000|  0%| F|  |TAMS 0x0000000085000000, 0x0000000085000000| Untracked 
|  81|0x0000000085100000, 0x0000000085100000, 0x0000000085200000|  0%| F|  |TAMS 0x0000000085100000, 0x0000000085100000| Untracked 
|  82|0x0000000085200000, 0x0000000085200000, 0x0000000085300000|  0%| F|  |TAMS 0x0000000085200000, 0x0000000085200000| Untracked 
|  83|0x0000000085300000, 0x0000000085300000, 0x0000000085400000|  0%| F|  |TAMS 0x0000000085300000, 0x0000000085300000| Untracked 
|  84|0x0000000085400000, 0x0000000085400000, 0x0000000085500000|  0%| F|  |TAMS 0x0000000085400000, 0x0000000085400000| Untracked 
|  85|0x0000000085500000, 0x0000000085500000, 0x0000000085600000|  0%| F|  |TAMS 0x0000000085500000, 0x0000000085500000| Untracked 
|  86|0x0000000085600000, 0x0000000085600000, 0x0000000085700000|  0%| F|  |TAMS 0x0000000085600000, 0x0000000085600000| Untracked 
|  87|0x0000000085700000, 0x0000000085700000, 0x0000000085800000|  0%| F|  |TAMS 0x0000000085700000, 0x0000000085700000| Untracked 
|  88|0x0000000085800000, 0x0000000085800000, 0x0000000085900000|  0%| F|  |TAMS 0x0000000085800000, 0x0000000085800000| Untracked 
|  89|0x0000000085900000, 0x0000000085900000, 0x0000000085a00000|  0%| F|  |TAMS 0x0000000085900000, 0x0000000085900000| Untracked 
|  90|0x0000000085a00000, 0x0000000085a00000, 0x0000000085b00000|  0%| F|  |TAMS 0x0000000085a00000, 0x0000000085a00000| Untracked 
|  91|0x0000000085b00000, 0x0000000085b00000, 0x0000000085c00000|  0%| F|  |TAMS 0x0000000085b00000, 0x0000000085b00000| Untracked 
|  92|0x0000000085c00000, 0x0000000085d00000, 0x0000000085d00000|100%| O|  |TAMS 0x0000000085d00000, 0x0000000085c00000| Untracked 
|  93|0x0000000085d00000, 0x0000000085d00000, 0x0000000085e00000|  0%| F|  |TAMS 0x0000000085d00000, 0x0000000085d00000| Untracked 
|  94|0x0000000085e00000, 0x0000000085e00000, 0x0000000085f00000|  0%| F|  |TAMS 0x0000000085e00000, 0x0000000085e00000| Untracked 
|  95|0x0000000085f00000, 0x0000000085f00000, 0x0000000086000000|  0%| F|  |TAMS 0x0000000085f00000, 0x0000000085f00000| Untracked 
|  96|0x0000000086000000, 0x0000000086000000, 0x0000000086100000|  0%| F|  |TAMS 0x0000000086000000, 0x0000000086000000| Untracked 
|  97|0x0000000086100000, 0x0000000086100000, 0x0000000086200000|  0%| F|  |TAMS 0x0000000086100000, 0x0000000086100000| Untracked 
|  98|0x0000000086200000, 0x0000000086300000, 0x0000000086300000|100%| O|  |TAMS 0x0000000086300000, 0x0000000086200000| Untracked 
|  99|0x0000000086300000, 0x0000000086400000, 0x0000000086400000|100%| O|  |TAMS 0x0000000086400000, 0x0000000086300000| Untracked 
| 100|0x0000000086400000, 0x0000000086400000, 0x0000000086500000|  0%| F|  |TAMS 0x0000000086400000, 0x0000000086400000| Untracked 
| 101|0x0000000086500000, 0x0000000086500000, 0x0000000086600000|  0%| F|  |TAMS 0x0000000086500000, 0x0000000086500000| Untracked 
| 102|0x0000000086600000, 0x0000000086700000, 0x0000000086700000|100%| O|  |TAMS 0x0000000086700000, 0x0000000086600000| Untracked 
| 103|0x0000000086700000, 0x0000000086700000, 0x0000000086800000|  0%| F|  |TAMS 0x0000000086700000, 0x0000000086700000| Untracked 
| 104|0x0000000086800000, 0x0000000086900000, 0x0000000086900000|100%| O|  |TAMS 0x0000000086900000, 0x0000000086800000| Untracked 
| 105|0x0000000086900000, 0x0000000086a00000, 0x0000000086a00000|100%| O|  |TAMS 0x0000000086a00000, 0x0000000086900000| Untracked 
| 106|0x0000000086a00000, 0x0000000086b00000, 0x0000000086b00000|100%| O|  |TAMS 0x0000000086b00000, 0x0000000086a00000| Untracked 
| 107|0x0000000086b00000, 0x0000000086c00000, 0x0000000086c00000|100%| O|  |TAMS 0x0000000086c00000, 0x0000000086b00000| Untracked 
| 108|0x0000000086c00000, 0x0000000086d00000, 0x0000000086d00000|100%| O|  |TAMS 0x0000000086d00000, 0x0000000086c00000| Untracked 
| 109|0x0000000086d00000, 0x0000000086d00000, 0x0000000086e00000|  0%| F|  |TAMS 0x0000000086d00000, 0x0000000086d00000| Untracked 
| 110|0x0000000086e00000, 0x0000000086e00000, 0x0000000086f00000|  0%| F|  |TAMS 0x0000000086e00000, 0x0000000086e00000| Untracked 
| 111|0x0000000086f00000, 0x0000000087000000, 0x0000000087000000|100%| O|  |TAMS 0x0000000087000000, 0x0000000086f00000| Untracked 
| 112|0x0000000087000000, 0x0000000087000000, 0x0000000087100000|  0%| F|  |TAMS 0x0000000087000000, 0x0000000087000000| Untracked 
| 113|0x0000000087100000, 0x0000000087100000, 0x0000000087200000|  0%| F|  |TAMS 0x0000000087100000, 0x0000000087100000| Untracked 
| 114|0x0000000087200000, 0x0000000087200000, 0x0000000087300000|  0%| F|  |TAMS 0x0000000087200000, 0x0000000087200000| Untracked 
| 115|0x0000000087300000, 0x0000000087400000, 0x0000000087400000|100%| O|  |TAMS 0x0000000087400000, 0x0000000087300000| Untracked 
| 116|0x0000000087400000, 0x0000000087500000, 0x0000000087500000|100%| O|  |TAMS 0x0000000087500000, 0x0000000087400000| Untracked 
| 117|0x0000000087500000, 0x0000000087500000, 0x0000000087600000|  0%| F|  |TAMS 0x0000000087500000, 0x0000000087500000| Untracked 
| 118|0x0000000087600000, 0x0000000087700000, 0x0000000087700000|100%| O|  |TAMS 0x0000000087700000, 0x0000000087600000| Untracked 
| 119|0x0000000087700000, 0x0000000087700000, 0x0000000087800000|  0%| F|  |TAMS 0x0000000087700000, 0x0000000087700000| Untracked 
| 120|0x0000000087800000, 0x0000000087800000, 0x0000000087900000|  0%| F|  |TAMS 0x0000000087800000, 0x0000000087800000| Untracked 
| 121|0x0000000087900000, 0x0000000087900000, 0x0000000087a00000|  0%| F|  |TAMS 0x0000000087900000, 0x0000000087900000| Untracked 
| 122|0x0000000087a00000, 0x0000000087a00000, 0x0000000087b00000|  0%| F|  |TAMS 0x0000000087a00000, 0x0000000087a00000| Untracked 
| 123|0x0000000087b00000, 0x0000000087b00000, 0x0000000087c00000|  0%| F|  |TAMS 0x0000000087b00000, 0x0000000087b00000| Untracked 
| 124|0x0000000087c00000, 0x0000000087c00000, 0x0000000087d00000|  0%| F|  |TAMS 0x0000000087c00000, 0x0000000087c00000| Untracked 
| 125|0x0000000087d00000, 0x0000000087d00000, 0x0000000087e00000|  0%| F|  |TAMS 0x0000000087d00000, 0x0000000087d00000| Untracked 
| 126|0x0000000087e00000, 0x0000000087e00000, 0x0000000087f00000|  0%| F|  |TAMS 0x0000000087e00000, 0x0000000087e00000| Untracked 
| 127|0x0000000087f00000, 0x0000000087f00000, 0x0000000088000000|  0%| F|  |TAMS 0x0000000087f00000, 0x0000000087f00000| Untracked 
| 128|0x0000000088000000, 0x0000000088000000, 0x0000000088100000|  0%| F|  |TAMS 0x0000000088000000, 0x0000000088000000| Untracked 
| 129|0x0000000088100000, 0x0000000088100000, 0x0000000088200000|  0%| F|  |TAMS 0x0000000088100000, 0x0000000088100000| Untracked 
| 130|0x0000000088200000, 0x0000000088200000, 0x0000000088300000|  0%| F|  |TAMS 0x0000000088200000, 0x0000000088200000| Untracked 
| 131|0x0000000088300000, 0x0000000088300000, 0x0000000088400000|  0%| F|  |TAMS 0x0000000088300000, 0x0000000088300000| Untracked 
| 132|0x0000000088400000, 0x0000000088500000, 0x0000000088500000|100%| O|  |TAMS 0x0000000088500000, 0x0000000088400000| Untracked 
| 133|0x0000000088500000, 0x0000000088500000, 0x0000000088600000|  0%| F|  |TAMS 0x0000000088500000, 0x0000000088500000| Untracked 
| 134|0x0000000088600000, 0x0000000088600000, 0x0000000088700000|  0%| F|  |TAMS 0x0000000088600000, 0x0000000088600000| Untracked 
| 135|0x0000000088700000, 0x0000000088700000, 0x0000000088800000|  0%| F|  |TAMS 0x0000000088700000, 0x0000000088700000| Untracked 
| 136|0x0000000088800000, 0x0000000088800000, 0x0000000088900000|  0%| F|  |TAMS 0x0000000088800000, 0x0000000088800000| Untracked 
| 137|0x0000000088900000, 0x0000000088900000, 0x0000000088a00000|  0%| F|  |TAMS 0x0000000088900000, 0x0000000088900000| Untracked 
| 138|0x0000000088a00000, 0x0000000088a00000, 0x0000000088b00000|  0%| F|  |TAMS 0x0000000088a00000, 0x0000000088a00000| Untracked 
| 139|0x0000000088b00000, 0x0000000088b00000, 0x0000000088c00000|  0%| F|  |TAMS 0x0000000088b00000, 0x0000000088b00000| Untracked 
| 140|0x0000000088c00000, 0x0000000088c00000, 0x0000000088d00000|  0%| F|  |TAMS 0x0000000088c00000, 0x0000000088c00000| Untracked 
| 141|0x0000000088d00000, 0x0000000088d00000, 0x0000000088e00000|  0%| F|  |TAMS 0x0000000088d00000, 0x0000000088d00000| Untracked 
| 142|0x0000000088e00000, 0x0000000088e00000, 0x0000000088f00000|  0%| F|  |TAMS 0x0000000088e00000, 0x0000000088e00000| Untracked 
| 143|0x0000000088f00000, 0x0000000088f00000, 0x0000000089000000|  0%| F|  |TAMS 0x0000000088f00000, 0x0000000088f00000| Untracked 
| 144|0x0000000089000000, 0x0000000089000000, 0x0000000089100000|  0%| F|  |TAMS 0x0000000089000000, 0x0000000089000000| Untracked 
| 145|0x0000000089100000, 0x0000000089100000, 0x0000000089200000|  0%| F|  |TAMS 0x0000000089100000, 0x0000000089100000| Untracked 
| 146|0x0000000089200000, 0x0000000089200000, 0x0000000089300000|  0%| F|  |TAMS 0x0000000089200000, 0x0000000089200000| Untracked 
| 147|0x0000000089300000, 0x0000000089300000, 0x0000000089400000|  0%| F|  |TAMS 0x0000000089300000, 0x0000000089300000| Untracked 
| 148|0x0000000089400000, 0x0000000089400000, 0x0000000089500000|  0%| F|  |TAMS 0x0000000089400000, 0x0000000089400000| Untracked 
| 149|0x0000000089500000, 0x0000000089500000, 0x0000000089600000|  0%| F|  |TAMS 0x0000000089500000, 0x0000000089500000| Untracked 
| 150|0x0000000089600000, 0x0000000089600000, 0x0000000089700000|  0%| F|  |TAMS 0x0000000089600000, 0x0000000089600000| Untracked 
| 151|0x0000000089700000, 0x0000000089700000, 0x0000000089800000|  0%| F|  |TAMS 0x0000000089700000, 0x0000000089700000| Untracked 
| 152|0x0000000089800000, 0x0000000089800000, 0x0000000089900000|  0%| F|  |TAMS 0x0000000089800000, 0x0000000089800000| Untracked 
| 153|0x0000000089900000, 0x0000000089900000, 0x0000000089a00000|  0%| F|  |TAMS 0x0000000089900000, 0x0000000089900000| Untracked 
| 154|0x0000000089a00000, 0x0000000089a00000, 0x0000000089b00000|  0%| F|  |TAMS 0x0000000089a00000, 0x0000000089a00000| Untracked 
| 155|0x0000000089b00000, 0x0000000089b00000, 0x0000000089c00000|  0%| F|  |TAMS 0x0000000089b00000, 0x0000000089b00000| Untracked 
| 156|0x0000000089c00000, 0x0000000089c00000, 0x0000000089d00000|  0%| F|  |TAMS 0x0000000089c00000, 0x0000000089c00000| Untracked 
| 157|0x0000000089d00000, 0x0000000089d00000, 0x0000000089e00000|  0%| F|  |TAMS 0x0000000089d00000, 0x0000000089d00000| Untracked 
| 158|0x0000000089e00000, 0x0000000089e00000, 0x0000000089f00000|  0%| F|  |TAMS 0x0000000089e00000, 0x0000000089e00000| Untracked 
| 159|0x0000000089f00000, 0x0000000089f00000, 0x000000008a000000|  0%| F|  |TAMS 0x0000000089f00000, 0x0000000089f00000| Untracked 
| 160|0x000000008a000000, 0x000000008a000000, 0x000000008a100000|  0%| F|  |TAMS 0x000000008a000000, 0x000000008a000000| Untracked 
| 161|0x000000008a100000, 0x000000008a100000, 0x000000008a200000|  0%| F|  |TAMS 0x000000008a100000, 0x000000008a100000| Untracked 
| 162|0x000000008a200000, 0x000000008a200000, 0x000000008a300000|  0%| F|  |TAMS 0x000000008a200000, 0x000000008a200000| Untracked 
| 163|0x000000008a300000, 0x000000008a300000, 0x000000008a400000|  0%| F|  |TAMS 0x000000008a300000, 0x000000008a300000| Untracked 
| 164|0x000000008a400000, 0x000000008a400000, 0x000000008a500000|  0%| F|  |TAMS 0x000000008a400000, 0x000000008a400000| Untracked 
| 165|0x000000008a500000, 0x000000008a500000, 0x000000008a600000|  0%| F|  |TAMS 0x000000008a500000, 0x000000008a500000| Untracked 
| 166|0x000000008a600000, 0x000000008a600000, 0x000000008a700000|  0%| F|  |TAMS 0x000000008a600000, 0x000000008a600000| Untracked 
| 167|0x000000008a700000, 0x000000008a700000, 0x000000008a800000|  0%| F|  |TAMS 0x000000008a700000, 0x000000008a700000| Untracked 
| 168|0x000000008a800000, 0x000000008a800000, 0x000000008a900000|  0%| F|  |TAMS 0x000000008a800000, 0x000000008a800000| Untracked 
| 169|0x000000008a900000, 0x000000008a900000, 0x000000008aa00000|  0%| F|  |TAMS 0x000000008a900000, 0x000000008a900000| Untracked 
| 170|0x000000008aa00000, 0x000000008aa00000, 0x000000008ab00000|  0%| F|  |TAMS 0x000000008aa00000, 0x000000008aa00000| Untracked 
| 171|0x000000008ab00000, 0x000000008ab00000, 0x000000008ac00000|  0%| F|  |TAMS 0x000000008ab00000, 0x000000008ab00000| Untracked 
| 172|0x000000008ac00000, 0x000000008ac00000, 0x000000008ad00000|  0%| F|  |TAMS 0x000000008ac00000, 0x000000008ac00000| Untracked 
| 173|0x000000008ad00000, 0x000000008ad00000, 0x000000008ae00000|  0%| F|  |TAMS 0x000000008ad00000, 0x000000008ad00000| Untracked 
| 174|0x000000008ae00000, 0x000000008ae00000, 0x000000008af00000|  0%| F|  |TAMS 0x000000008ae00000, 0x000000008ae00000| Untracked 
| 175|0x000000008af00000, 0x000000008af00000, 0x000000008b000000|  0%| F|  |TAMS 0x000000008af00000, 0x000000008af00000| Untracked 
| 176|0x000000008b000000, 0x000000008b000000, 0x000000008b100000|  0%| F|  |TAMS 0x000000008b000000, 0x000000008b000000| Untracked 
| 177|0x000000008b100000, 0x000000008b100000, 0x000000008b200000|  0%| F|  |TAMS 0x000000008b100000, 0x000000008b100000| Untracked 
| 178|0x000000008b200000, 0x000000008b200000, 0x000000008b300000|  0%| F|  |TAMS 0x000000008b200000, 0x000000008b200000| Untracked 
| 179|0x000000008b300000, 0x000000008b300000, 0x000000008b400000|  0%| F|  |TAMS 0x000000008b300000, 0x000000008b300000| Untracked 
| 180|0x000000008b400000, 0x000000008b400000, 0x000000008b500000|  0%| F|  |TAMS 0x000000008b400000, 0x000000008b400000| Untracked 
| 181|0x000000008b500000, 0x000000008b500000, 0x000000008b600000|  0%| F|  |TAMS 0x000000008b500000, 0x000000008b500000| Untracked 
| 182|0x000000008b600000, 0x000000008b600000, 0x000000008b700000|  0%| F|  |TAMS 0x000000008b600000, 0x000000008b600000| Untracked 
| 183|0x000000008b700000, 0x000000008b700000, 0x000000008b800000|  0%| F|  |TAMS 0x000000008b700000, 0x000000008b700000| Untracked 
| 184|0x000000008b800000, 0x000000008b800000, 0x000000008b900000|  0%| F|  |TAMS 0x000000008b800000, 0x000000008b800000| Untracked 
| 185|0x000000008b900000, 0x000000008b900000, 0x000000008ba00000|  0%| F|  |TAMS 0x000000008b900000, 0x000000008b900000| Untracked 
| 186|0x000000008ba00000, 0x000000008ba00000, 0x000000008bb00000|  0%| F|  |TAMS 0x000000008ba00000, 0x000000008ba00000| Untracked 
| 187|0x000000008bb00000, 0x000000008bb00000, 0x000000008bc00000|  0%| F|  |TAMS 0x000000008bb00000, 0x000000008bb00000| Untracked 
| 188|0x000000008bc00000, 0x000000008bc00000, 0x000000008bd00000|  0%| F|  |TAMS 0x000000008bc00000, 0x000000008bc00000| Untracked 
| 189|0x000000008bd00000, 0x000000008bd00000, 0x000000008be00000|  0%| F|  |TAMS 0x000000008bd00000, 0x000000008bd00000| Untracked 
| 190|0x000000008be00000, 0x000000008be00000, 0x000000008bf00000|  0%| F|  |TAMS 0x000000008be00000, 0x000000008be00000| Untracked 
| 191|0x000000008bf00000, 0x000000008bf00000, 0x000000008c000000|  0%| F|  |TAMS 0x000000008bf00000, 0x000000008bf00000| Untracked 
| 192|0x000000008c000000, 0x000000008c000000, 0x000000008c100000|  0%| F|  |TAMS 0x000000008c000000, 0x000000008c000000| Untracked 
| 193|0x000000008c100000, 0x000000008c100000, 0x000000008c200000|  0%| F|  |TAMS 0x000000008c100000, 0x000000008c100000| Untracked 
| 194|0x000000008c200000, 0x000000008c200000, 0x000000008c300000|  0%| F|  |TAMS 0x000000008c200000, 0x000000008c200000| Untracked 
| 195|0x000000008c300000, 0x000000008c300000, 0x000000008c400000|  0%| F|  |TAMS 0x000000008c300000, 0x000000008c300000| Untracked 
| 196|0x000000008c400000, 0x000000008c400000, 0x000000008c500000|  0%| F|  |TAMS 0x000000008c400000, 0x000000008c400000| Untracked 
| 197|0x000000008c500000, 0x000000008c500000, 0x000000008c600000|  0%| F|  |TAMS 0x000000008c500000, 0x000000008c500000| Untracked 
| 198|0x000000008c600000, 0x000000008c600000, 0x000000008c700000|  0%| F|  |TAMS 0x000000008c600000, 0x000000008c600000| Untracked 
| 199|0x000000008c700000, 0x000000008c700000, 0x000000008c800000|  0%| F|  |TAMS 0x000000008c700000, 0x000000008c700000| Untracked 
| 200|0x000000008c800000, 0x000000008c800000, 0x000000008c900000|  0%| F|  |TAMS 0x000000008c800000, 0x000000008c800000| Untracked 
| 201|0x000000008c900000, 0x000000008c900000, 0x000000008ca00000|  0%| F|  |TAMS 0x000000008c900000, 0x000000008c900000| Untracked 
| 202|0x000000008ca00000, 0x000000008ca00000, 0x000000008cb00000|  0%| F|  |TAMS 0x000000008ca00000, 0x000000008ca00000| Untracked 
| 203|0x000000008cb00000, 0x000000008cb00000, 0x000000008cc00000|  0%| F|  |TAMS 0x000000008cb00000, 0x000000008cb00000| Untracked 
| 204|0x000000008cc00000, 0x000000008cc00000, 0x000000008cd00000|  0%| F|  |TAMS 0x000000008cc00000, 0x000000008cc00000| Untracked 
| 205|0x000000008cd00000, 0x000000008cd00000, 0x000000008ce00000|  0%| F|  |TAMS 0x000000008cd00000, 0x000000008cd00000| Untracked 
| 206|0x000000008ce00000, 0x000000008ce00000, 0x000000008cf00000|  0%| F|  |TAMS 0x000000008ce00000, 0x000000008ce00000| Untracked 
| 207|0x000000008cf00000, 0x000000008cf00000, 0x000000008d000000|  0%| F|  |TAMS 0x000000008cf00000, 0x000000008cf00000| Untracked 
| 208|0x000000008d000000, 0x000000008d000000, 0x000000008d100000|  0%| F|  |TAMS 0x000000008d000000, 0x000000008d000000| Untracked 
| 209|0x000000008d100000, 0x000000008d100000, 0x000000008d200000|  0%| F|  |TAMS 0x000000008d100000, 0x000000008d100000| Untracked 
| 210|0x000000008d200000, 0x000000008d200000, 0x000000008d300000|  0%| F|  |TAMS 0x000000008d200000, 0x000000008d200000| Untracked 
| 211|0x000000008d300000, 0x000000008d300000, 0x000000008d400000|  0%| F|  |TAMS 0x000000008d300000, 0x000000008d300000| Untracked 
| 212|0x000000008d400000, 0x000000008d400000, 0x000000008d500000|  0%| F|  |TAMS 0x000000008d400000, 0x000000008d400000| Untracked 
| 213|0x000000008d500000, 0x000000008d500000, 0x000000008d600000|  0%| F|  |TAMS 0x000000008d500000, 0x000000008d500000| Untracked 
| 214|0x000000008d600000, 0x000000008d600000, 0x000000008d700000|  0%| F|  |TAMS 0x000000008d600000, 0x000000008d600000| Untracked 
| 215|0x000000008d700000, 0x000000008d700000, 0x000000008d800000|  0%| F|  |TAMS 0x000000008d700000, 0x000000008d700000| Untracked 
| 216|0x000000008d800000, 0x000000008d800000, 0x000000008d900000|  0%| F|  |TAMS 0x000000008d800000, 0x000000008d800000| Untracked 
| 217|0x000000008d900000, 0x000000008d900000, 0x000000008da00000|  0%| F|  |TAMS 0x000000008d900000, 0x000000008d900000| Untracked 
| 218|0x000000008da00000, 0x000000008da00000, 0x000000008db00000|  0%| F|  |TAMS 0x000000008da00000, 0x000000008da00000| Untracked 
| 219|0x000000008db00000, 0x000000008db00000, 0x000000008dc00000|  0%| F|  |TAMS 0x000000008db00000, 0x000000008db00000| Untracked 
| 220|0x000000008dc00000, 0x000000008dc00000, 0x000000008dd00000|  0%| F|  |TAMS 0x000000008dc00000, 0x000000008dc00000| Untracked 
| 221|0x000000008dd00000, 0x000000008dd3ef80, 0x000000008de00000| 24%| E|  |TAMS 0x000000008dd00000, 0x000000008dd00000| Complete 
| 222|0x000000008de00000, 0x000000008df00000, 0x000000008df00000|100%| E|CS|TAMS 0x000000008de00000, 0x000000008de00000| Complete 
| 223|0x000000008df00000, 0x000000008e000000, 0x000000008e000000|100%| E|CS|TAMS 0x000000008df00000, 0x000000008df00000| Complete 
| 224|0x000000008e000000, 0x000000008e100000, 0x000000008e100000|100%| E|CS|TAMS 0x000000008e000000, 0x000000008e000000| Complete 
| 225|0x000000008e100000, 0x000000008e200000, 0x000000008e200000|100%| E|CS|TAMS 0x000000008e100000, 0x000000008e100000| Complete 
| 226|0x000000008e200000, 0x000000008e300000, 0x000000008e300000|100%| E|CS|TAMS 0x000000008e200000, 0x000000008e200000| Complete 
| 227|0x000000008e300000, 0x000000008e400000, 0x000000008e400000|100%| E|CS|TAMS 0x000000008e300000, 0x000000008e300000| Complete 
| 228|0x000000008e400000, 0x000000008e500000, 0x000000008e500000|100%| E|CS|TAMS 0x000000008e400000, 0x000000008e400000| Complete 
| 229|0x000000008e500000, 0x000000008e600000, 0x000000008e600000|100%| E|CS|TAMS 0x000000008e500000, 0x000000008e500000| Complete 
| 230|0x000000008e600000, 0x000000008e700000, 0x000000008e700000|100%| E|CS|TAMS 0x000000008e600000, 0x000000008e600000| Complete 
| 231|0x000000008e700000, 0x000000008e800000, 0x000000008e800000|100%| E|CS|TAMS 0x000000008e700000, 0x000000008e700000| Complete 
| 232|0x000000008e800000, 0x000000008e900000, 0x000000008e900000|100%| E|CS|TAMS 0x000000008e800000, 0x000000008e800000| Complete 
| 233|0x000000008e900000, 0x000000008ea00000, 0x000000008ea00000|100%| E|CS|TAMS 0x000000008e900000, 0x000000008e900000| Complete 
| 234|0x000000008ea00000, 0x000000008eb00000, 0x000000008eb00000|100%| E|CS|TAMS 0x000000008ea00000, 0x000000008ea00000| Complete 
| 235|0x000000008eb00000, 0x000000008ec00000, 0x000000008ec00000|100%| E|CS|TAMS 0x000000008eb00000, 0x000000008eb00000| Complete 
| 236|0x000000008ec00000, 0x000000008ed00000, 0x000000008ed00000|100%| E|CS|TAMS 0x000000008ec00000, 0x000000008ec00000| Complete 
| 237|0x000000008ed00000, 0x000000008ee00000, 0x000000008ee00000|100%| E|CS|TAMS 0x000000008ed00000, 0x000000008ed00000| Complete 
| 238|0x000000008ee00000, 0x000000008ef00000, 0x000000008ef00000|100%| E|CS|TAMS 0x000000008ee00000, 0x000000008ee00000| Complete 
| 239|0x000000008ef00000, 0x000000008f000000, 0x000000008f000000|100%| E|CS|TAMS 0x000000008ef00000, 0x000000008ef00000| Complete 
| 240|0x000000008f000000, 0x000000008f100000, 0x000000008f100000|100%| E|CS|TAMS 0x000000008f000000, 0x000000008f000000| Complete 
| 241|0x000000008f100000, 0x000000008f200000, 0x000000008f200000|100%| E|CS|TAMS 0x000000008f100000, 0x000000008f100000| Complete 
| 242|0x000000008f200000, 0x000000008f300000, 0x000000008f300000|100%| E|CS|TAMS 0x000000008f200000, 0x000000008f200000| Complete 
| 243|0x000000008f300000, 0x000000008f400000, 0x000000008f400000|100%| E|CS|TAMS 0x000000008f300000, 0x000000008f300000| Complete 
| 244|0x000000008f400000, 0x000000008f500000, 0x000000008f500000|100%| E|CS|TAMS 0x000000008f400000, 0x000000008f400000| Complete 
| 245|0x000000008f500000, 0x000000008f600000, 0x000000008f600000|100%| E|CS|TAMS 0x000000008f500000, 0x000000008f500000| Complete 
| 246|0x000000008f600000, 0x000000008f700000, 0x000000008f700000|100%| E|CS|TAMS 0x000000008f600000, 0x000000008f600000| Complete 
| 247|0x000000008f700000, 0x000000008f800000, 0x000000008f800000|100%| E|CS|TAMS 0x000000008f700000, 0x000000008f700000| Complete 
| 248|0x000000008f800000, 0x000000008f900000, 0x000000008f900000|100%| E|CS|TAMS 0x000000008f800000, 0x000000008f800000| Complete 
| 249|0x000000008f900000, 0x000000008fa00000, 0x000000008fa00000|100%| E|CS|TAMS 0x000000008f900000, 0x000000008f900000| Complete 
| 250|0x000000008fa00000, 0x000000008fb00000, 0x000000008fb00000|100%| E|CS|TAMS 0x000000008fa00000, 0x000000008fa00000| Complete 
| 251|0x000000008fb00000, 0x000000008fc00000, 0x000000008fc00000|100%| E|CS|TAMS 0x000000008fb00000, 0x000000008fb00000| Complete 
| 252|0x000000008fc00000, 0x000000008fd00000, 0x000000008fd00000|100%| E|CS|TAMS 0x000000008fc00000, 0x000000008fc00000| Complete 
| 253|0x000000008fd00000, 0x000000008fe00000, 0x000000008fe00000|100%| E|CS|TAMS 0x000000008fd00000, 0x000000008fd00000| Complete 
| 254|0x000000008fe00000, 0x000000008ff00000, 0x000000008ff00000|100%| E|CS|TAMS 0x000000008fe00000, 0x000000008fe00000| Complete 
| 255|0x000000008ff00000, 0x0000000090000000, 0x0000000090000000|100%| E|CS|TAMS 0x000000008ff00000, 0x000000008ff00000| Complete 
| 256|0x0000000090000000, 0x0000000090100000, 0x0000000090100000|100%| E|CS|TAMS 0x0000000090000000, 0x0000000090000000| Complete 
| 257|0x0000000090100000, 0x0000000090200000, 0x0000000090200000|100%| E|CS|TAMS 0x0000000090100000, 0x0000000090100000| Complete 
| 258|0x0000000090200000, 0x0000000090300000, 0x0000000090300000|100%| E|CS|TAMS 0x0000000090200000, 0x0000000090200000| Complete 
| 259|0x0000000090300000, 0x0000000090400000, 0x0000000090400000|100%| E|CS|TAMS 0x0000000090300000, 0x0000000090300000| Complete 
| 260|0x0000000090400000, 0x0000000090500000, 0x0000000090500000|100%| E|CS|TAMS 0x0000000090400000, 0x0000000090400000| Complete 
| 261|0x0000000090500000, 0x000000009055db40, 0x0000000090600000| 36%| S|CS|TAMS 0x0000000090500000, 0x0000000090500000| Complete 
| 262|0x0000000090600000, 0x0000000090700000, 0x0000000090700000|100%| E|CS|TAMS 0x0000000090600000, 0x0000000090600000| Complete 
| 263|0x0000000090700000, 0x0000000090800000, 0x0000000090800000|100%| E|CS|TAMS 0x0000000090700000, 0x0000000090700000| Complete 
| 264|0x0000000090800000, 0x0000000090900000, 0x0000000090900000|100%| E|CS|TAMS 0x0000000090800000, 0x0000000090800000| Complete 
| 265|0x0000000090900000, 0x0000000090a00000, 0x0000000090a00000|100%| E|CS|TAMS 0x0000000090900000, 0x0000000090900000| Complete 
| 266|0x0000000090a00000, 0x0000000090b00000, 0x0000000090b00000|100%| E|CS|TAMS 0x0000000090a00000, 0x0000000090a00000| Complete 
| 267|0x0000000090b00000, 0x0000000090c00000, 0x0000000090c00000|100%| E|CS|TAMS 0x0000000090b00000, 0x0000000090b00000| Complete 
| 268|0x0000000090c00000, 0x0000000090d00000, 0x0000000090d00000|100%| E|CS|TAMS 0x0000000090c00000, 0x0000000090c00000| Complete 
| 269|0x0000000090d00000, 0x0000000090e00000, 0x0000000090e00000|100%| E|CS|TAMS 0x0000000090d00000, 0x0000000090d00000| Complete 
| 270|0x0000000090e00000, 0x0000000090f00000, 0x0000000090f00000|100%| E|CS|TAMS 0x0000000090e00000, 0x0000000090e00000| Complete 
| 271|0x0000000090f00000, 0x0000000091000000, 0x0000000091000000|100%| E|CS|TAMS 0x0000000090f00000, 0x0000000090f00000| Complete 
| 272|0x0000000091000000, 0x0000000091100000, 0x0000000091100000|100%| E|CS|TAMS 0x0000000091000000, 0x0000000091000000| Complete 
| 273|0x0000000091100000, 0x0000000091200000, 0x0000000091200000|100%| E|CS|TAMS 0x0000000091100000, 0x0000000091100000| Complete 

Card table byte_map: [0x00000234f2080000,0x00000234f2480000] _byte_map_base: 0x00000234f1c80000

Marking Bits (Prev, Next): (CMBitMap*) 0x00000234dedae8b0, (CMBitMap*) 0x00000234dedae878
 Prev Bits: [0x00000234f4880000, 0x00000234f6880000)
 Next Bits: [0x00000234f2880000, 0x00000234f4880000)

Polling page: 0x00000234dd720000

Metaspace:

Usage:
  Non-class:    115.01 MB capacity,   112.32 MB ( 98%) used,     2.19 MB (  2%) free+waste,   515.94 KB ( <1%) overhead. 
      Class:     16.89 MB capacity,    15.36 MB ( 91%) used,     1.32 MB (  8%) free+waste,   223.13 KB (  1%) overhead. 
       Both:    131.91 MB capacity,   127.68 MB ( 97%) used,     3.50 MB (  3%) free+waste,   739.06 KB ( <1%) overhead. 

Virtual space:
  Non-class space:      116.00 MB reserved,     115.13 MB (>99%) committed 
      Class space:        1.00 GB reserved,      17.00 MB (  2%) committed 
             Both:        1.11 GB reserved,     132.13 MB ( 12%) committed 

Chunk freelists:
   Non-Class:  49.00 KB
       Class:  0 bytes
        Both:  49.00 KB

MaxMetaspaceSize: 17179869184.00 GB
CompressedClassSpaceSize: 1.00 GB

CodeHeap 'non-profiled nmethods': size=120064Kb used=19364Kb max_used=19364Kb free=100699Kb
 bounds [0x00000234ea330000, 0x00000234eb620000, 0x00000234f1870000]
CodeHeap 'profiled nmethods': size=120000Kb used=53088Kb max_used=54403Kb free=66911Kb
 bounds [0x00000234e2e00000, 0x00000234e6370000, 0x00000234ea330000]
CodeHeap 'non-nmethods': size=5696Kb used=2352Kb max_used=2414Kb free=3343Kb
 bounds [0x00000234e2870000, 0x00000234e2ae0000, 0x00000234e2e00000]
 total_blobs=25113 nmethods=24143 adapters=880
 compilation: enabled
              stopped_count=0, restarted_count=0
 full_count=0

Compilation events (20 events):
Event: 11253.578 Thread 0x00000234f95b2800 28549   !   3       jdk.internal.reflect.GeneratedMethodAccessor34::invoke (68 bytes)
Event: 11253.578 Thread 0x00000234f95b2800 nmethod 28549 0x00000234e4132290 code [0x00000234e41324e0, 0x00000234e4132c98]
Event: 11253.578 Thread 0x00000234f95b2800 28550       3       org.gradle.internal.instantiation.generator.DefaultInstantiatorFactory::inject (14 bytes)
Event: 11253.579 Thread 0x00000234f95b2800 nmethod 28550 0x00000234e4012290 code [0x00000234e4012460, 0x00000234e40126c8]
Event: 11253.589 Thread 0x00000234f9554000 nmethod 28548 0x00000234eb61e390 code [0x00000234eb61e540, 0x00000234eb61ea98]
Event: 11253.591 Thread 0x00000234f95b2800 28551       3       java.lang.ThreadLocal$ThreadLocalMap::expungeStaleEntries (46 bytes)
Event: 11253.591 Thread 0x00000234f95b2800 nmethod 28551 0x00000234e407ff90 code [0x00000234e4080160, 0x00000234e40804c8]
Event: 11253.592 Thread 0x00000234f95b2800 28552   !   3       jdk.internal.reflect.GeneratedMethodAccessor35::invoke (68 bytes)
Event: 11253.592 Thread 0x00000234f95b2800 nmethod 28552 0x00000234e4139310 code [0x00000234e4139560, 0x00000234e4139d18]
Event: 11253.595 Thread 0x00000234f95b2800 28553       3       org.gradle.internal.logging.source.DefaultStdOutLoggingSystem::snapshot (5 bytes)
Event: 11253.595 Thread 0x00000234f95b2800 nmethod 28553 0x00000234e4082710 code [0x00000234e40828e0, 0x00000234e4082bb8]
Event: 11253.595 Thread 0x00000234f95b2800 28554       3       org.gradle.internal.logging.source.DefaultStdErrLoggingSystem::snapshot (5 bytes)
Event: 11253.595 Thread 0x00000234f95b2800 nmethod 28554 0x00000234e408a290 code [0x00000234e408a460, 0x00000234e408a738]
Event: 11253.601 Thread 0x00000234f95b2800 28555       3       org.gradle.internal.serialize.AbstractSerializer::equals (18 bytes)
Event: 11253.601 Thread 0x00000234f95b2800 nmethod 28555 0x00000234e409d490 code [0x00000234e409d660, 0x00000234e409d9e8]
Event: 11253.610 Thread 0x00000234f9554000 28556       4       org.gradle.api.internal.artifacts.ivyservice.modulecache.PersistentModuleMetadataCache::lambda$get$0 (81 bytes)
Event: 11253.625 Thread 0x00000234f95b2800 28558       3       org.gradle.api.internal.artifacts.ivyservice.resolveengine.graph.builder.ModuleResolveState::changeSelection (116 bytes)
Event: 11253.626 Thread 0x00000234f95b2800 nmethod 28558 0x00000234e4064e90 code [0x00000234e4065060, 0x00000234e4065298]
Event: 11253.626 Thread 0x00000234f95b2800 28559       3       org.gradle.api.internal.artifacts.ivyservice.resolveengine.graph.builder.NodeState::removeOutgoingEdges (193 bytes)
Event: 11253.627 Thread 0x00000234f95b2800 nmethod 28559 0x00000234e41a6b10 code [0x00000234e41a6e80, 0x00000234e41a83b8]

GC Heap History (20 events):
Event: 5724.011 GC heap before
{Heap before GC invocations=156 (full 0):
 garbage-first heap   total 280576K, used 118555K [0x0000000080000000, 0x0000000100000000)
  region size 1024K, 13 young (13312K), 11 survivors (11264K)
 Metaspace       used 130559K, capacity 134884K, committed 135040K, reserved 1167360K
  class space    used 15724K, capacity 17291K, committed 17408K, reserved 1048576K
}
Event: 5724.030 GC heap after
{Heap after GC invocations=157 (full 0):
 garbage-first heap   total 280576K, used 111424K [0x0000000080000000, 0x0000000100000000)
  region size 1024K, 1 young (1024K), 1 survivors (1024K)
 Metaspace       used 130559K, capacity 134884K, committed 135040K, reserved 1167360K
  class space    used 15724K, capacity 17291K, committed 17408K, reserved 1048576K
}
Event: 5725.550 GC heap before
{Heap before GC invocations=157 (full 0):
 garbage-first heap   total 280576K, used 182080K [0x0000000080000000, 0x0000000100000000)
  region size 1024K, 72 young (73728K), 1 survivors (1024K)
 Metaspace       used 130609K, capacity 135002K, committed 135296K, reserved 1167360K
  class space    used 15729K, capacity 17300K, committed 17408K, reserved 1048576K
}
Event: 5725.570 GC heap after
{Heap after GC invocations=158 (full 0):
 garbage-first heap   total 280576K, used 118110K [0x0000000080000000, 0x0000000100000000)
  region size 1024K, 8 young (8192K), 8 survivors (8192K)
 Metaspace       used 130609K, capacity 135002K, committed 135296K, reserved 1167360K
  class space    used 15729K, capacity 17300K, committed 17408K, reserved 1048576K
}
Event: 5809.752 GC heap before
{Heap before GC invocations=159 (full 0):
 garbage-first heap   total 280576K, used 222558K [0x0000000080000000, 0x0000000100000000)
  region size 1024K, 90 young (92160K), 8 survivors (8192K)
 Metaspace       used 130640K, capacity 135002K, committed 135296K, reserved 1167360K
  class space    used 15729K, capacity 17300K, committed 17408K, reserved 1048576K
}
Event: 5809.787 GC heap after
{Heap after GC invocations=160 (full 0):
 garbage-first heap   total 280576K, used 124928K [0x0000000080000000, 0x0000000100000000)
  region size 1024K, 12 young (12288K), 12 survivors (12288K)
 Metaspace       used 130640K, capacity 135002K, committed 135296K, reserved 1167360K
  class space    used 15729K, capacity 17300K, committed 17408K, reserved 1048576K
}
Event: 5809.789 GC heap before
{Heap before GC invocations=160 (full 0):
 garbage-first heap   total 280576K, used 125952K [0x0000000080000000, 0x0000000100000000)
  region size 1024K, 13 young (13312K), 12 survivors (12288K)
 Metaspace       used 130640K, capacity 135002K, committed 135296K, reserved 1167360K
  class space    used 15729K, capacity 17300K, committed 17408K, reserved 1048576K
}
Event: 5809.815 GC heap after
{Heap after GC invocations=161 (full 0):
 garbage-first heap   total 280576K, used 114176K [0x0000000080000000, 0x0000000100000000)
  region size 1024K, 1 young (1024K), 1 survivors (1024K)
 Metaspace       used 130640K, capacity 135002K, committed 135296K, reserved 1167360K
  class space    used 15729K, capacity 17300K, committed 17408K, reserved 1048576K
}
Event: 5809.879 GC heap before
{Heap before GC invocations=161 (full 0):
 garbage-first heap   total 280576K, used 141824K [0x0000000080000000, 0x0000000100000000)
  region size 1024K, 30 young (30720K), 1 survivors (1024K)
 Metaspace       used 130640K, capacity 135002K, committed 135296K, reserved 1167360K
  class space    used 15729K, capacity 17300K, committed 17408K, reserved 1048576K
}
Event: 5809.895 GC heap after
{Heap after GC invocations=162 (full 0):
 garbage-first heap   total 280576K, used 119325K [0x0000000080000000, 0x0000000100000000)
  region size 1024K, 6 young (6144K), 6 survivors (6144K)
 Metaspace       used 130640K, capacity 135002K, committed 135296K, reserved 1167360K
  class space    used 15729K, capacity 17300K, committed 17408K, reserved 1048576K
}
Event: 5811.497 GC heap before
{Heap before GC invocations=163 (full 0):
 garbage-first heap   total 280576K, used 214557K [0x0000000080000000, 0x0000000100000000)
  region size 1024K, 89 young (91136K), 6 survivors (6144K)
 Metaspace       used 130648K, capacity 135006K, committed 135296K, reserved 1167360K
  class space    used 15729K, capacity 17300K, committed 17408K, reserved 1048576K
}
Event: 5811.510 GC heap after
{Heap after GC invocations=164 (full 0):
 garbage-first heap   total 280576K, used 115578K [0x0000000080000000, 0x0000000100000000)
  region size 1024K, 7 young (7168K), 7 survivors (7168K)
 Metaspace       used 130648K, capacity 135006K, committed 135296K, reserved 1167360K
  class space    used 15729K, capacity 17300K, committed 17408K, reserved 1048576K
}
Event: 5811.518 GC heap before
{Heap before GC invocations=164 (full 0):
 garbage-first heap   total 280576K, used 120698K [0x0000000080000000, 0x0000000100000000)
  region size 1024K, 13 young (13312K), 7 survivors (7168K)
 Metaspace       used 130648K, capacity 135006K, committed 135296K, reserved 1167360K
  class space    used 15729K, capacity 17300K, committed 17408K, reserved 1048576K
}
Event: 5811.529 GC heap after
{Heap after GC invocations=165 (full 0):
 garbage-first heap   total 280576K, used 106467K [0x0000000080000000, 0x0000000100000000)
  region size 1024K, 1 young (1024K), 1 survivors (1024K)
 Metaspace       used 130648K, capacity 135006K, committed 135296K, reserved 1167360K
  class space    used 15729K, capacity 17300K, committed 17408K, reserved 1048576K
}
Event: 5811.762 GC heap before
{Heap before GC invocations=165 (full 0):
 garbage-first heap   total 280576K, used 126947K [0x0000000080000000, 0x0000000100000000)
  region size 1024K, 22 young (22528K), 1 survivors (1024K)
 Metaspace       used 130659K, capacity 135006K, committed 135296K, reserved 1167360K
  class space    used 15729K, capacity 17300K, committed 17408K, reserved 1048576K
}
Event: 5811.767 GC heap after
{Heap after GC invocations=166 (full 0):
 garbage-first heap   total 280576K, used 106722K [0x0000000080000000, 0x0000000100000000)
  region size 1024K, 1 young (1024K), 1 survivors (1024K)
 Metaspace       used 130659K, capacity 135006K, committed 135296K, reserved 1167360K
  class space    used 15729K, capacity 17300K, committed 17408K, reserved 1048576K
}
Event: 8898.687 GC heap before
{Heap before GC invocations=167 (full 0):
 garbage-first heap   total 280576K, used 223458K [0x0000000080000000, 0x0000000100000000)
  region size 1024K, 105 young (107520K), 1 survivors (1024K)
 Metaspace       used 130727K, capacity 135074K, committed 135296K, reserved 1167360K
  class space    used 15729K, capacity 17300K, committed 17408K, reserved 1048576K
}
Event: 8898.690 GC heap after
{Heap after GC invocations=168 (full 0):
 garbage-first heap   total 280576K, used 94112K [0x0000000080000000, 0x0000000100000000)
  region size 1024K, 1 young (1024K), 1 survivors (1024K)
 Metaspace       used 130727K, capacity 135074K, committed 135296K, reserved 1167360K
  class space    used 15729K, capacity 17300K, committed 17408K, reserved 1048576K
}
Event: 9583.149 GC heap before
{Heap before GC invocations=168 (full 0):
 garbage-first heap   total 280576K, used 105376K [0x0000000080000000, 0x0000000100000000)
  region size 1024K, 13 young (13312K), 1 survivors (1024K)
 Metaspace       used 130728K, capacity 135074K, committed 135296K, reserved 1167360K
  class space    used 15729K, capacity 17300K, committed 17408K, reserved 1048576K
}
Event: 9583.151 GC heap after
{Heap after GC invocations=169 (full 0):
 garbage-first heap   total 280576K, used 88985K [0x0000000080000000, 0x0000000100000000)
  region size 1024K, 1 young (1024K), 1 survivors (1024K)
 Metaspace       used 130728K, capacity 135074K, committed 135296K, reserved 1167360K
  class space    used 15729K, capacity 17300K, committed 17408K, reserved 1048576K
}

Deoptimization events (20 events):
Event: 5809.746 Thread 0x00000234816b4000 DEOPT PACKING pc=0x00000234e5775183 sp=0x000000cb25df7d50
Event: 5809.746 Thread 0x00000234816b4000 DEOPT UNPACKING pc=0x00000234e28976ce sp=0x000000cb25df7538 mode 0
Event: 5809.875 Thread 0x00000234816b4000 Uncommon trap: trap_request=0xffffff6e fr.pc=0x00000234eb3e280c relative=0x0000000000003d4c
Event: 5809.875 Thread 0x00000234816b4000 Uncommon trap: reason=speculate_class_check action=maybe_recompile pc=0x00000234eb3e280c method=com.android.ide.common.resources.DataSet.appendToXml(Lorg/w3c/dom/Node;Lorg/w3c/dom/Document;Lcom/android/ide/common/resources/MergeConsumer;Z)V @ 289 c2
Event: 5809.875 Thread 0x00000234816b4000 DEOPT PACKING pc=0x00000234eb3e280c sp=0x000000cb25df80a0
Event: 5809.875 Thread 0x00000234816b4000 DEOPT UNPACKING pc=0x00000234e28978af sp=0x000000cb25df80d0 mode 2
Event: 5811.965 Thread 0x00000234816b4000 DEOPT PACKING pc=0x00000234e4681eb7 sp=0x000000cb25df8140
Event: 5811.965 Thread 0x00000234816b4000 DEOPT UNPACKING pc=0x00000234e28976ce sp=0x000000cb25df76f0 mode 0
Event: 5812.023 Thread 0x00000234807a6800 Uncommon trap: trap_request=0xffffff4d fr.pc=0x00000234eaecbbac relative=0x0000000000003ccc
Event: 5812.023 Thread 0x00000234807a6800 Uncommon trap: reason=unstable_if action=reinterpret pc=0x00000234eaecbbac method=java.util.concurrent.locks.AbstractQueuedSynchronizer$ConditionObject.await()V @ 67 c2
Event: 5812.023 Thread 0x00000234807a6800 DEOPT PACKING pc=0x00000234eaecbbac sp=0x000000cb26cfed30
Event: 5812.023 Thread 0x00000234807a6800 DEOPT UNPACKING pc=0x00000234e28978af sp=0x000000cb26cfec40 mode 2
Event: 5823.699 Thread 0x00000234816b4000 DEOPT PACKING pc=0x00000234e4b829eb sp=0x000000cb25dfaca0
Event: 5823.699 Thread 0x00000234816b4000 DEOPT UNPACKING pc=0x00000234e28976ce sp=0x000000cb25dfa220 mode 0
Event: 5823.820 Thread 0x00000234816b4000 DEOPT PACKING pc=0x00000234e587d1ab sp=0x000000cb25dfb2e0
Event: 5823.820 Thread 0x00000234816b4000 DEOPT UNPACKING pc=0x00000234e28976ce sp=0x000000cb25dfa778 mode 0
Event: 5824.300 Thread 0x00000234816b4000 DEOPT PACKING pc=0x00000234e39bb095 sp=0x000000cb25dfd950
Event: 5824.300 Thread 0x00000234816b4000 DEOPT UNPACKING pc=0x00000234e28976ce sp=0x000000cb25dfce40 mode 0
Event: 11253.568 Thread 0x00000234807a8800 DEOPT PACKING pc=0x00000234e5484a43 sp=0x000000cb25dfce30
Event: 11253.568 Thread 0x00000234807a8800 DEOPT UNPACKING pc=0x00000234e28976ce sp=0x000000cb25dfc298 mode 0

Classes redefined (0 events):
No events

Internal exceptions (20 events):
Event: 5809.446 Thread 0x00000234816b4000 Exception <a 'java/lang/NoClassDefFoundError'{0x000000008f9b3298}: org/jetbrains/kotlin/gradle/plugin/KotlinBasePluginWrapper> (0x000000008f9b3298) thrown at [./src/hotspot/share/oops/constantPool.cpp, line 775]
Event: 5809.458 Thread 0x00000234816b4000 Exception <a 'sun/nio/fs/WindowsException'{0x000000008f8ba798}> (0x000000008f8ba798) thrown at [./src/hotspot/share/prims/jni.cpp, line 615]
Event: 5809.462 Thread 0x00000234816b4000 Exception <a 'sun/nio/fs/WindowsException'{0x000000008f75c258}> (0x000000008f75c258) thrown at [./src/hotspot/share/prims/jni.cpp, line 615]
Event: 5809.462 Thread 0x00000234816b4000 Exception <a 'sun/nio/fs/WindowsException'{0x000000008f75d218}> (0x000000008f75d218) thrown at [./src/hotspot/share/prims/jni.cpp, line 615]
Event: 5809.463 Thread 0x00000234816b4000 Exception <a 'sun/nio/fs/WindowsException'{0x000000008f75e228}> (0x000000008f75e228) thrown at [./src/hotspot/share/prims/jni.cpp, line 615]
Event: 5809.463 Thread 0x00000234816b4000 Exception <a 'sun/nio/fs/WindowsException'{0x000000008f75f238}> (0x000000008f75f238) thrown at [./src/hotspot/share/prims/jni.cpp, line 615]
Event: 5809.490 Thread 0x00000234816b4000 Exception <a 'sun/nio/fs/WindowsException'{0x000000008f4c5bc8}> (0x000000008f4c5bc8) thrown at [./src/hotspot/share/prims/jni.cpp, line 615]
Event: 5811.484 Thread 0x00000234f9b1c800 Exception <a 'sun/nio/fs/WindowsException'{0x000000008c12fbf0}> (0x000000008c12fbf0) thrown at [./src/hotspot/share/prims/jni.cpp, line 615]
Event: 5811.484 Thread 0x00000234f9b1c800 Exception <a 'sun/nio/fs/WindowsException'{0x000000008c12fcd8}> (0x000000008c12fcd8) thrown at [./src/hotspot/share/prims/jni.cpp, line 615]
Event: 5811.998 Thread 0x00000234fafe8000 Exception <a 'sun/nio/fs/WindowsException'{0x0000000090f1cc08}> (0x0000000090f1cc08) thrown at [./src/hotspot/share/prims/jni.cpp, line 615]
Event: 5823.742 Thread 0x00000234816b4000 Exception <a 'sun/nio/fs/WindowsException'{0x000000008fc11730}> (0x000000008fc11730) thrown at [./src/hotspot/share/prims/jni.cpp, line 615]
Event: 5823.742 Thread 0x00000234816b4000 Exception <a 'sun/nio/fs/WindowsException'{0x000000008fc12f70}> (0x000000008fc12f70) thrown at [./src/hotspot/share/prims/jni.cpp, line 615]
Event: 5823.764 Thread 0x00000234816b4000 Exception <a 'java/lang/NoClassDefFoundError'{0x000000008f9d2dc8}: org/jetbrains/kotlin/gradle/plugin/KotlinBasePluginWrapper> (0x000000008f9d2dc8) thrown at [./src/hotspot/share/oops/constantPool.cpp, line 775]
Event: 5823.796 Thread 0x00000234816b4000 Exception <a 'sun/nio/fs/WindowsException'{0x000000008f7f4cb8}> (0x000000008f7f4cb8) thrown at [./src/hotspot/share/prims/jni.cpp, line 615]
Event: 5823.800 Thread 0x00000234816b4000 Exception <a 'sun/nio/fs/WindowsException'{0x000000008f68fdd8}> (0x000000008f68fdd8) thrown at [./src/hotspot/share/prims/jni.cpp, line 615]
Event: 5823.800 Thread 0x00000234816b4000 Exception <a 'sun/nio/fs/WindowsException'{0x000000008f690d98}> (0x000000008f690d98) thrown at [./src/hotspot/share/prims/jni.cpp, line 615]
Event: 5823.800 Thread 0x00000234816b4000 Exception <a 'sun/nio/fs/WindowsException'{0x000000008f691da8}> (0x000000008f691da8) thrown at [./src/hotspot/share/prims/jni.cpp, line 615]
Event: 5823.800 Thread 0x00000234816b4000 Exception <a 'sun/nio/fs/WindowsException'{0x000000008f692db8}> (0x000000008f692db8) thrown at [./src/hotspot/share/prims/jni.cpp, line 615]
Event: 5823.818 Thread 0x00000234816b4000 Exception <a 'sun/nio/fs/WindowsException'{0x000000008f4da888}> (0x000000008f4da888) thrown at [./src/hotspot/share/prims/jni.cpp, line 615]
Event: 5824.280 Thread 0x00000234807a5000 Exception <a 'sun/nio/fs/WindowsException'{0x000000008e1d3200}> (0x000000008e1d3200) thrown at [./src/hotspot/share/prims/jni.cpp, line 615]

Events (20 events):
Event: 11253.543 Thread 0x00000234807a8800 Thread added: 0x00000234807a8800
Event: 11253.549 Executing VM operation: RevokeBias
Event: 11253.549 Executing VM operation: RevokeBias done
Event: 11253.550 Thread 0x00000234807a9000 Thread added: 0x00000234807a9000
Event: 11253.550 Thread 0x00000234807af800 Thread added: 0x00000234807af800
Event: 11253.550 Thread 0x00000234f9b1c800 Thread added: 0x00000234f9b1c800
Event: 11253.553 Thread 0x00000234f9b20000 Thread added: 0x00000234f9b20000
Event: 11253.566 Executing VM operation: RevokeBias
Event: 11253.567 Executing VM operation: RevokeBias done
Event: 11253.572 Thread 0x00000234f9b1a000 Thread added: 0x00000234f9b1a000
Event: 11253.574 Thread 0x00000234f9b1f000 Thread added: 0x00000234f9b1f000
Event: 11253.576 Thread 0x00000234f9b1b000 Thread added: 0x00000234f9b1b000
Event: 11253.580 Thread 0x00000234f9b23000 Thread added: 0x00000234f9b23000
Event: 11253.593 Executing VM operation: BulkRevokeBias
Event: 11253.593 Executing VM operation: BulkRevokeBias done
Event: 11253.599 Thread 0x00000234f9b22800 Thread added: 0x00000234f9b22800
Event: 11253.696 Thread 0x00000234f9b24000 Thread added: 0x00000234f9b24000
Event: 11253.696 Thread 0x00000234f9b25800 Thread added: 0x00000234f9b25800
Event: 11253.702 Executing VM operation: RevokeBias
Event: 11253.702 Executing VM operation: RevokeBias done


Dynamic libraries:
0x00007ff78c100000 - 0x00007ff78c10a000 	E:\Android Studio\jre\bin\java.exe
0x00007ffc4b850000 - 0x00007ffc4ba45000 	C:\WINDOWS\SYSTEM32\ntdll.dll
0x00007ffc4b070000 - 0x00007ffc4b12e000 	C:\WINDOWS\System32\KERNEL32.DLL
0x00007ffc49360000 - 0x00007ffc49628000 	C:\WINDOWS\System32\KERNELBASE.dll
0x00007ffc49070000 - 0x00007ffc49170000 	C:\WINDOWS\System32\ucrtbase.dll
0x00007ffc37940000 - 0x00007ffc37959000 	E:\Android Studio\jre\bin\jli.dll
0x00007ffc340a0000 - 0x00007ffc340b7000 	E:\Android Studio\jre\bin\VCRUNTIME140.dll
0x00007ffc4ae70000 - 0x00007ffc4b010000 	C:\WINDOWS\System32\USER32.dll
0x00007ffc49170000 - 0x00007ffc49192000 	C:\WINDOWS\System32\win32u.dll
0x00007ffc4ad10000 - 0x00007ffc4ad3b000 	C:\WINDOWS\System32\GDI32.dll
0x00007ffc48f60000 - 0x00007ffc4906d000 	C:\WINDOWS\System32\gdi32full.dll
0x00007ffc491a0000 - 0x00007ffc4923d000 	C:\WINDOWS\System32\msvcp_win.dll
0x00007ffc34800000 - 0x00007ffc34a9a000 	C:\WINDOWS\WinSxS\amd64_microsoft.windows.common-controls_6595b64144ccf1df_6.0.19041.1110_none_60b5254171f9507e\COMCTL32.dll
0x00007ffc4a410000 - 0x00007ffc4a4ae000 	C:\WINDOWS\System32\msvcrt.dll
0x00007ffc4b580000 - 0x00007ffc4b5b0000 	C:\WINDOWS\System32\IMM32.DLL
0x00007ffc248c0000 - 0x00007ffc2495d000 	E:\Android Studio\jre\bin\msvcp140.dll
0x00007ffc12ab0000 - 0x00007ffc1357f000 	E:\Android Studio\jre\bin\server\jvm.dll
0x00007ffc4b1d0000 - 0x00007ffc4b27e000 	C:\WINDOWS\System32\ADVAPI32.dll
0x00007ffc4b4e0000 - 0x00007ffc4b57c000 	C:\WINDOWS\System32\sechost.dll
0x00007ffc4b3b0000 - 0x00007ffc4b4d5000 	C:\WINDOWS\System32\RPCRT4.dll
0x00007ffc4b3a0000 - 0x00007ffc4b3a8000 	C:\WINDOWS\System32\PSAPI.DLL
0x00007ffc46870000 - 0x00007ffc46879000 	C:\WINDOWS\SYSTEM32\WSOCK32.dll
0x00007ffc49bd0000 - 0x00007ffc49c3b000 	C:\WINDOWS\System32\WS2_32.dll
0x00007ffc400f0000 - 0x00007ffc40117000 	C:\WINDOWS\SYSTEM32\WINMM.dll
0x00007ffc41910000 - 0x00007ffc4191a000 	C:\WINDOWS\SYSTEM32\VERSION.dll
0x00007ffc46d90000 - 0x00007ffc46da2000 	C:\WINDOWS\SYSTEM32\kernel.appcore.dll
0x00007ffc422b0000 - 0x00007ffc422c1000 	E:\Android Studio\jre\bin\verify.dll
0x00007ffc35c30000 - 0x00007ffc35e14000 	C:\WINDOWS\SYSTEM32\DBGHELP.DLL
0x00007ffc2f950000 - 0x00007ffc2f97c000 	C:\WINDOWS\SYSTEM32\dbgcore.DLL
0x00007ffc497c0000 - 0x00007ffc49842000 	C:\WINDOWS\System32\bcryptPrimitives.dll
0x00007ffc3a5a0000 - 0x00007ffc3a5c9000 	E:\Android Studio\jre\bin\java.dll
0x00007ffc467f0000 - 0x00007ffc467fb000 	E:\Android Studio\jre\bin\jimage.dll
0x00007ffc3a580000 - 0x00007ffc3a598000 	E:\Android Studio\jre\bin\zip.dll
0x00007ffc49ca0000 - 0x00007ffc4a3e4000 	C:\WINDOWS\System32\SHELL32.dll
0x00007ffc47070000 - 0x00007ffc47804000 	C:\WINDOWS\SYSTEM32\windows.storage.dll
0x00007ffc4a4b0000 - 0x00007ffc4a805000 	C:\WINDOWS\System32\combase.dll
0x00007ffc488e0000 - 0x00007ffc4890e000 	C:\WINDOWS\SYSTEM32\Wldp.dll
0x00007ffc4b5b0000 - 0x00007ffc4b65d000 	C:\WINDOWS\System32\SHCORE.dll
0x00007ffc49c40000 - 0x00007ffc49c95000 	C:\WINDOWS\System32\shlwapi.dll
0x00007ffc48ea0000 - 0x00007ffc48ebf000 	C:\WINDOWS\SYSTEM32\profapi.dll
0x00007ffc3a560000 - 0x00007ffc3a57a000 	E:\Android Studio\jre\bin\net.dll
0x00007ffc38aa0000 - 0x00007ffc38bac000 	C:\WINDOWS\SYSTEM32\WINHTTP.dll
0x00007ffc48640000 - 0x00007ffc486aa000 	C:\WINDOWS\system32\mswsock.dll
0x00007ffc3a540000 - 0x00007ffc3a554000 	E:\Android Studio\jre\bin\nio.dll
0x00007ffc36290000 - 0x00007ffc362b7000 	C:\Users\Jaen\.gradle\native\8bec1ad78214c89d9ad589b4d07fe93259594b29d510b10fafb7a158f7737e5d\windows-amd64\native-platform.dll
0x00007ffc2c9d0000 - 0x00007ffc2cb0d000 	C:\Users\Jaen\.gradle\native\53dbd7edfb1c66fb8903c78663c9afc45aea4f116125fa6feffd364cf09443e8\windows-amd64\native-platform-file-events.dll
0x00007ffc459a0000 - 0x00007ffc459aa000 	E:\Android Studio\jre\bin\management.dll
0x00007ffc445e0000 - 0x00007ffc445ec000 	E:\Android Studio\jre\bin\management_ext.dll
0x00007ffc48830000 - 0x00007ffc48848000 	C:\WINDOWS\SYSTEM32\CRYPTSP.dll
0x00007ffc47fc0000 - 0x00007ffc47ff4000 	C:\WINDOWS\system32\rsaenh.dll
0x00007ffc49630000 - 0x00007ffc49657000 	C:\WINDOWS\System32\bcrypt.dll
0x00007ffc48e60000 - 0x00007ffc48e8e000 	C:\WINDOWS\SYSTEM32\USERENV.dll
0x00007ffc48850000 - 0x00007ffc4885c000 	C:\WINDOWS\SYSTEM32\CRYPTBASE.dll
0x00007ffc48330000 - 0x00007ffc4836b000 	C:\WINDOWS\SYSTEM32\IPHLPAPI.DLL
0x00007ffc4b280000 - 0x00007ffc4b288000 	C:\WINDOWS\System32\NSI.dll
0x00007ffc409f0000 - 0x00007ffc40a07000 	C:\WINDOWS\SYSTEM32\dhcpcsvc6.DLL
0x00007ffc40910000 - 0x00007ffc4092d000 	C:\WINDOWS\SYSTEM32\dhcpcsvc.DLL
0x00007ffc48370000 - 0x00007ffc4843b000 	C:\WINDOWS\SYSTEM32\DNSAPI.dll
0x00007ffc37960000 - 0x00007ffc37987000 	E:\Android Studio\jre\bin\sunec.dll

dbghelp: loaded successfully - version: 4.0.5 - missing functions: none
symbol engine: initialized successfully - sym options: 0x614 - pdb path: .;E:\Android Studio\jre\bin;C:\WINDOWS\SYSTEM32;C:\WINDOWS\WinSxS\amd64_microsoft.windows.common-controls_6595b64144ccf1df_6.0.19041.1110_none_60b5254171f9507e;E:\Android Studio\jre\bin\server;C:\Users\Jaen\.gradle\native\8bec1ad78214c89d9ad589b4d07fe93259594b29d510b10fafb7a158f7737e5d\windows-amd64;C:\Users\Jaen\.gradle\native\53dbd7edfb1c66fb8903c78663c9afc45aea4f116125fa6feffd364cf09443e8\windows-amd64

VM Arguments:
jvm_args: --add-opens=java.base/java.util=ALL-UNNAMED --add-opens=java.base/java.lang=ALL-UNNAMED --add-opens=java.base/java.lang.invoke=ALL-UNNAMED --add-opens=java.base/java.util=ALL-UNNAMED --add-opens=java.prefs/java.util.prefs=ALL-UNNAMED --add-opens=java.prefs/java.util.prefs=ALL-UNNAMED --add-opens=java.base/java.nio.charset=ALL-UNNAMED --add-opens=java.base/java.net=ALL-UNNAMED --add-opens=java.base/java.util.concurrent.atomic=ALL-UNNAMED -Xmx2048m -Dfile.encoding=UTF-8 -Duser.country=US -Duser.language=en -Duser.variant 
java_command: org.gradle.launcher.daemon.bootstrap.GradleDaemon 7.0.2
java_class_path (initial): C:\Users\Jaen\.gradle\wrapper\dists\gradle-7.0.2-bin\857tjihv64xamwrf0h14cai3r\gradle-7.0.2\lib\gradle-launcher-7.0.2.jar
Launcher Type: SUN_STANDARD

[Global flags]
     intx CICompilerCount                          = 2                                         {product} {ergonomic}
     uint ConcGCThreads                            = 1                                         {product} {ergonomic}
     uint G1ConcRefinementThreads                  = 2                                         {product} {ergonomic}
   size_t G1HeapRegionSize                         = 1048576                                   {product} {ergonomic}
    uintx GCDrainStackTargetSize                   = 64                                        {product} {ergonomic}
   size_t InitialHeapSize                          = 239075328                                 {product} {ergonomic}
   size_t MarkStackSize                            = 4194304                                   {product} {ergonomic}
   size_t MaxHeapSize                              = 2147483648                                {product} {command line}
   size_t MaxNewSize                               = 1287651328                                {product} {ergonomic}
   size_t MinHeapDeltaBytes                        = 1048576                                   {product} {ergonomic}
    uintx NonNMethodCodeHeapSize                   = 5825164                                {pd product} {ergonomic}
    uintx NonProfiledCodeHeapSize                  = 122916538                              {pd product} {ergonomic}
    uintx ProfiledCodeHeapSize                     = 122916538                              {pd product} {ergonomic}
    uintx ReservedCodeCacheSize                    = 251658240                              {pd product} {ergonomic}
     bool SegmentedCodeCache                       = true                                      {product} {ergonomic}
     bool UseCompressedClassPointers               = true                                 {lp64_product} {ergonomic}
     bool UseCompressedOops                        = true                                 {lp64_product} {ergonomic}
     bool UseG1GC                                  = true                                      {product} {ergonomic}
     bool UseLargePagesIndividualAllocation        = false                                  {pd product} {ergonomic}

Logging:
Log output configuration:
 #0: stdout all=warning uptime,level,tags
 #1: stderr all=off uptime,level,tags

Environment Variables:
PATH=C:\ProgramData\Oracle\Java\javapath;C:\Program Files\Common Files\Oracle\Java\javapath;C:\Program Files (x86)\Common Files\Oracle\Java\javapath;C:\Windows\system32;C:\Windows;C:\Windows\System32\Wbem;C:\Windows\System32\WindowsPowerShell\v1.0\;C:\Program Files (x86)\NVIDIA Corporation\PhysX\Common;C:\WINDOWS\system32;C:\WINDOWS;C:\WINDOWS\System32\Wbem;C:\WINDOWS\System32\WindowsPowerShell\v1.0\;C:\WINDOWS\System32\OpenSSH\;C:\ffmpeg\bin;E:\ffmpeg-20210804-65fdc0e589-win64-static;C:\Program Files\Git\cmd;E:\Program Files\NVIDIA Corporation\NVIDIA NvDLISR;C:\Users\Jaen\AppData\Local\Programs\Python\Python38-32\Scripts\;C:\Users\Jaen\AppData\Local\Programs\Python\Python38-32\;C:\Users\Jaen\AppData\Local\Microsoft\WindowsApps;
USERNAME=Jaen
OS=Windows_NT
PROCESSOR_IDENTIFIER=Intel64 Family 6 Model 158 Stepping 11, GenuineIntel



---------------  S Y S T E M  ---------------

OS: Windows 10 , 64 bit Build 19041 (10.0.19041.1503)
OS uptime: 3 days 1:47 hours

CPU:total 2 (initial active 2) (4 cores per cpu, 1 threads per core) family 6 model 158 stepping 11 microcode 0xb4, cmov, cx8, fxsr, mmx, sse, sse2, sse3, ssse3, sse4.1, sse4.2, popcnt, avx, avx2, aes, clmul, erms, 3dnowpref, lzcnt, tsc, tscinvbit, bmi1, bmi2, adx, fma

Memory: 4k page, system-wide physical 14540M (1707M free)
TotalPageFile size 14540M (AvailPageFile size 7M)
current process WorkingSet (physical memory assigned to process): 631M, peak: 638M
current process commit charge ("private bytes"): 654M, peak: 662M

vm_info: OpenJDK 64-Bit Server VM (11.0.10+0-b96-7249189) for windows-amd64 JRE (11.0.10+0-b96-7249189), built on Mar 31 2021 21:44:00 by "builder" with MS VC++ 14.0 (VS2015)

END.
